2025-06-11 21:02:26,249:WARNING:
'cuml' is a soft dependency and not included in the pycaret installation. Please run: `pip install cuml` to install.
2025-06-11 21:02:26,249:WARNING:
'cuml' is a soft dependency and not included in the pycaret installation. Please run: `pip install cuml` to install.
2025-06-11 21:02:26,249:WARNING:
'cuml' is a soft dependency and not included in the pycaret installation. Please run: `pip install cuml` to install.
2025-06-11 21:02:26,249:WARNING:
'cuml' is a soft dependency and not included in the pycaret installation. Please run: `pip install cuml` to install.
2025-06-11 21:02:26,658:WARNING:C:\Users\Brangovich\AppData\Local\Programs\Python\Python311\Lib\site-packages\mlflow\protos\service_pb2.py:11: UserWarning: google.protobuf.service module is deprecated. RPC implementations should provide code generator plugins which generate code specific to the RPC implementation. service.py will be removed in Jan 2025
  from google.protobuf import service as _service

2025-06-11 21:02:29,045:INFO:PyCaret ClassificationExperiment
2025-06-11 21:02:29,045:INFO:Logging name: upsell_seguro
2025-06-11 21:02:29,045:INFO:ML Usecase: MLUsecase.CLASSIFICATION
2025-06-11 21:02:29,045:INFO:version 3.2.0
2025-06-11 21:02:29,045:INFO:Initializing setup()
2025-06-11 21:02:29,045:INFO:self.USI: 6c5c
2025-06-11 21:02:29,045:INFO:self._variable_keys: {'gpu_param', 'seed', 'exp_id', 'idx', 'fold_generator', 'log_plots_param', '_available_plots', 'y_test', 'X', 'X_train', 'n_jobs_param', 'pipeline', 'fix_imbalance', 'USI', 'is_multiclass', 'exp_name_log', 'fold_groups_param', 'html_param', 'X_test', 'gpu_n_jobs_param', 'y', 'target_param', 'memory', '_ml_usecase', 'data', 'logging_param', 'fold_shuffle_param', 'y_train'}
2025-06-11 21:02:29,045:INFO:Checking environment
2025-06-11 21:02:29,045:INFO:python_version: 3.11.0
2025-06-11 21:02:29,045:INFO:python_build: ('main', 'Oct 24 2022 18:26:48')
2025-06-11 21:02:29,045:INFO:machine: AMD64
2025-06-11 21:02:29,060:INFO:platform: Windows-10-10.0.26100-SP0
2025-06-11 21:02:29,068:INFO:Memory: svmem(total=102695145472, available=77074649088, percent=24.9, used=25620496384, free=77074649088)
2025-06-11 21:02:29,068:INFO:Physical Core: 16
2025-06-11 21:02:29,068:INFO:Logical Core: 32
2025-06-11 21:02:29,068:INFO:Checking libraries
2025-06-11 21:02:29,068:INFO:System:
2025-06-11 21:02:29,068:INFO:    python: 3.11.0 (main, Oct 24 2022, 18:26:48) [MSC v.1933 64 bit (AMD64)]
2025-06-11 21:02:29,068:INFO:executable: C:\Users\Brangovich\AppData\Local\Programs\Python\Python311\python.exe
2025-06-11 21:02:29,068:INFO:   machine: Windows-10-10.0.26100-SP0
2025-06-11 21:02:29,068:INFO:PyCaret required dependencies:
2025-06-11 21:02:29,103:INFO:                 pip: 22.3
2025-06-11 21:02:29,103:INFO:          setuptools: 65.5.0
2025-06-11 21:02:29,103:INFO:             pycaret: 3.2.0
2025-06-11 21:02:29,103:INFO:             IPython: 9.1.0
2025-06-11 21:02:29,103:INFO:          ipywidgets: 8.1.7
2025-06-11 21:02:29,103:INFO:                tqdm: 4.67.1
2025-06-11 21:02:29,103:INFO:               numpy: 1.25.2
2025-06-11 21:02:29,103:INFO:              pandas: 1.5.3
2025-06-11 21:02:29,103:INFO:              jinja2: 3.1.6
2025-06-11 21:02:29,104:INFO:               scipy: 1.10.1
2025-06-11 21:02:29,104:INFO:              joblib: 1.3.2
2025-06-11 21:02:29,104:INFO:             sklearn: 1.2.2
2025-06-11 21:02:29,104:INFO:                pyod: 2.0.5
2025-06-11 21:02:29,104:INFO:            imblearn: 0.12.4
2025-06-11 21:02:29,104:INFO:   category_encoders: 2.7.0
2025-06-11 21:02:29,104:INFO:            lightgbm: 4.6.0
2025-06-11 21:02:29,104:INFO:               numba: 0.61.0
2025-06-11 21:02:29,104:INFO:            requests: 2.32.3
2025-06-11 21:02:29,104:INFO:          matplotlib: 3.6.0
2025-06-11 21:02:29,104:INFO:          scikitplot: 0.3.7
2025-06-11 21:02:29,104:INFO:         yellowbrick: 1.5
2025-06-11 21:02:29,104:INFO:              plotly: 5.24.1
2025-06-11 21:02:29,104:INFO:    plotly-resampler: Not installed
2025-06-11 21:02:29,104:INFO:             kaleido: 0.2.1
2025-06-11 21:02:29,104:INFO:           schemdraw: 0.15
2025-06-11 21:02:29,104:INFO:         statsmodels: 0.14.4
2025-06-11 21:02:29,104:INFO:              sktime: 0.21.1
2025-06-11 21:02:29,104:INFO:               tbats: 1.1.3
2025-06-11 21:02:29,104:INFO:            pmdarima: 2.0.4
2025-06-11 21:02:29,104:INFO:              psutil: 7.0.0
2025-06-11 21:02:29,104:INFO:          markupsafe: 3.0.2
2025-06-11 21:02:29,104:INFO:             pickle5: Not installed
2025-06-11 21:02:29,104:INFO:         cloudpickle: 2.2.1
2025-06-11 21:02:29,104:INFO:         deprecation: 2.1.0
2025-06-11 21:02:29,104:INFO:              xxhash: 3.5.0
2025-06-11 21:02:29,104:INFO:           wurlitzer: Not installed
2025-06-11 21:02:29,104:INFO:PyCaret optional dependencies:
2025-06-11 21:02:29,255:INFO:                shap: 0.44.1
2025-06-11 21:02:29,255:INFO:           interpret: 0.6.10
2025-06-11 21:02:29,255:INFO:                umap: 0.5.7
2025-06-11 21:02:29,255:INFO:     ydata_profiling: 4.16.1
2025-06-11 21:02:29,255:INFO:  explainerdashboard: 0.4.8
2025-06-11 21:02:29,255:INFO:             autoviz: Not installed
2025-06-11 21:02:29,255:INFO:           fairlearn: 0.7.0
2025-06-11 21:02:29,255:INFO:          deepchecks: Not installed
2025-06-11 21:02:29,255:INFO:             xgboost: Not installed
2025-06-11 21:02:29,255:INFO:            catboost: Not installed
2025-06-11 21:02:29,255:INFO:              kmodes: Not installed
2025-06-11 21:02:29,255:INFO:             mlxtend: Not installed
2025-06-11 21:02:29,255:INFO:       statsforecast: Not installed
2025-06-11 21:02:29,255:INFO:        tune_sklearn: Not installed
2025-06-11 21:02:29,255:INFO:                 ray: Not installed
2025-06-11 21:02:29,255:INFO:            hyperopt: Not installed
2025-06-11 21:02:29,255:INFO:              optuna: Not installed
2025-06-11 21:02:29,255:INFO:               skopt: Not installed
2025-06-11 21:02:29,255:INFO:              mlflow: 2.22.0
2025-06-11 21:02:29,255:INFO:              gradio: Not installed
2025-06-11 21:02:29,255:INFO:             fastapi: 0.115.12
2025-06-11 21:02:29,255:INFO:             uvicorn: 0.34.2
2025-06-11 21:02:29,255:INFO:              m2cgen: Not installed
2025-06-11 21:02:29,255:INFO:           evidently: Not installed
2025-06-11 21:02:29,255:INFO:               fugue: Not installed
2025-06-11 21:02:29,255:INFO:           streamlit: 1.45.1
2025-06-11 21:02:29,255:INFO:             prophet: Not installed
2025-06-11 21:02:29,255:INFO:None
2025-06-11 21:02:29,255:INFO:Set up data.
2025-06-11 21:02:29,258:INFO:Set up folding strategy.
2025-06-11 21:02:29,258:INFO:Set up train/test split.
2025-06-11 21:02:29,260:INFO:Set up index.
2025-06-11 21:02:29,260:INFO:Assigning column types.
2025-06-11 21:02:29,261:INFO:Engine successfully changes for model 'lr' to 'sklearn'.
2025-06-11 21:02:29,280:INFO:Engine for model 'knn' has not been set explicitly, hence returning None.
2025-06-11 21:02:29,281:INFO:Engine for model 'rbfsvm' has not been set explicitly, hence returning None.
2025-06-11 21:02:29,294:WARNING:
'xgboost' is a soft dependency and not included in the pycaret installation. Please run: `pip install xgboost` to install.
Alternately, you can install this by running `pip install pycaret[models]`
2025-06-11 21:02:29,294:WARNING:
'catboost' is a soft dependency and not included in the pycaret installation. Please run: `pip install catboost` to install.
Alternately, you can install this by running `pip install pycaret[models]`
2025-06-11 21:02:29,312:INFO:Engine for model 'knn' has not been set explicitly, hence returning None.
2025-06-11 21:02:29,312:INFO:Engine for model 'rbfsvm' has not been set explicitly, hence returning None.
2025-06-11 21:02:29,324:WARNING:
'xgboost' is a soft dependency and not included in the pycaret installation. Please run: `pip install xgboost` to install.
Alternately, you can install this by running `pip install pycaret[models]`
2025-06-11 21:02:29,324:WARNING:
'catboost' is a soft dependency and not included in the pycaret installation. Please run: `pip install catboost` to install.
Alternately, you can install this by running `pip install pycaret[models]`
2025-06-11 21:02:29,324:INFO:Engine successfully changes for model 'knn' to 'sklearn'.
2025-06-11 21:02:29,343:INFO:Engine for model 'rbfsvm' has not been set explicitly, hence returning None.
2025-06-11 21:02:29,354:WARNING:
'xgboost' is a soft dependency and not included in the pycaret installation. Please run: `pip install xgboost` to install.
Alternately, you can install this by running `pip install pycaret[models]`
2025-06-11 21:02:29,354:WARNING:
'catboost' is a soft dependency and not included in the pycaret installation. Please run: `pip install catboost` to install.
Alternately, you can install this by running `pip install pycaret[models]`
2025-06-11 21:02:29,373:INFO:Engine for model 'rbfsvm' has not been set explicitly, hence returning None.
2025-06-11 21:02:29,384:WARNING:
'xgboost' is a soft dependency and not included in the pycaret installation. Please run: `pip install xgboost` to install.
Alternately, you can install this by running `pip install pycaret[models]`
2025-06-11 21:02:29,384:WARNING:
'catboost' is a soft dependency and not included in the pycaret installation. Please run: `pip install catboost` to install.
Alternately, you can install this by running `pip install pycaret[models]`
2025-06-11 21:02:29,384:INFO:Engine successfully changes for model 'rbfsvm' to 'sklearn'.
2025-06-11 21:02:29,414:WARNING:
'xgboost' is a soft dependency and not included in the pycaret installation. Please run: `pip install xgboost` to install.
Alternately, you can install this by running `pip install pycaret[models]`
2025-06-11 21:02:29,414:WARNING:
'catboost' is a soft dependency and not included in the pycaret installation. Please run: `pip install catboost` to install.
Alternately, you can install this by running `pip install pycaret[models]`
2025-06-11 21:02:29,444:WARNING:
'xgboost' is a soft dependency and not included in the pycaret installation. Please run: `pip install xgboost` to install.
Alternately, you can install this by running `pip install pycaret[models]`
2025-06-11 21:02:29,444:WARNING:
'catboost' is a soft dependency and not included in the pycaret installation. Please run: `pip install catboost` to install.
Alternately, you can install this by running `pip install pycaret[models]`
2025-06-11 21:02:29,445:INFO:Preparing preprocessing pipeline...
2025-06-11 21:02:29,445:INFO:Set up simple imputation.
2025-06-11 21:02:29,446:INFO:Set up encoding of categorical features.
2025-06-11 21:02:29,462:INFO:Finished creating preprocessing pipeline.
2025-06-11 21:02:29,465:INFO:Pipeline: Pipeline(memory=FastMemory(location=C:\Users\BRANGO~1\AppData\Local\Temp\joblib),
         steps=[('numerical_imputer',
                 TransformerWrapper(exclude=None,
                                    include=['age', 'current_policy_coverage',
                                             'years_with_company',
                                             'past_claims_count',
                                             'response_last_campaign'],
                                    transformer=SimpleImputer(add_indicator=False,
                                                              copy=True,
                                                              fill_value=None,
                                                              keep_empty_features=False,
                                                              mis...
                                                              keep_empty_features=False,
                                                              missing_values=nan,
                                                              strategy='most_frequent',
                                                              verbose='deprecated'))),
                ('onehot_encoding',
                 TransformerWrapper(exclude=None, include=['income_level'],
                                    transformer=OneHotEncoder(cols=['income_level'],
                                                              drop_invariant=False,
                                                              handle_missing='return_nan',
                                                              handle_unknown='value',
                                                              return_df=True,
                                                              use_cat_names=True,
                                                              verbose=0)))],
         verbose=False)
2025-06-11 21:02:29,465:INFO:Creating final display dataframe.
2025-06-11 21:02:29,513:INFO:Setup _display_container:                     Description            Value
0                    Session id              606
1                        Target  accepted_upsell
2                   Target type           Binary
3           Original data shape        (1000, 7)
4        Transformed data shape        (1000, 9)
5   Transformed train set shape         (700, 9)
6    Transformed test set shape         (300, 9)
7              Numeric features                5
8          Categorical features                1
9                    Preprocess             True
10              Imputation type           simple
11           Numeric imputation             mean
12       Categorical imputation             mode
13     Maximum one-hot encoding               25
14              Encoding method             None
15               Fold Generator  StratifiedKFold
16                  Fold Number               10
17                     CPU Jobs               -1
18                      Use GPU            False
19               Log Experiment     MlflowLogger
20              Experiment Name    upsell_seguro
21                          USI             6c5c
2025-06-11 21:02:29,545:WARNING:
'xgboost' is a soft dependency and not included in the pycaret installation. Please run: `pip install xgboost` to install.
Alternately, you can install this by running `pip install pycaret[models]`
2025-06-11 21:02:29,545:WARNING:
'catboost' is a soft dependency and not included in the pycaret installation. Please run: `pip install catboost` to install.
Alternately, you can install this by running `pip install pycaret[models]`
2025-06-11 21:02:29,576:WARNING:
'xgboost' is a soft dependency and not included in the pycaret installation. Please run: `pip install xgboost` to install.
Alternately, you can install this by running `pip install pycaret[models]`
2025-06-11 21:02:29,577:WARNING:
'catboost' is a soft dependency and not included in the pycaret installation. Please run: `pip install catboost` to install.
Alternately, you can install this by running `pip install pycaret[models]`
2025-06-11 21:02:29,577:INFO:Logging experiment in loggers
2025-06-11 21:02:29,722:INFO:SubProcess save_model() called ==================================
2025-06-11 21:02:29,726:INFO:Initializing save_model()
2025-06-11 21:02:29,726:INFO:save_model(model=Pipeline(memory=FastMemory(location=C:\Users\BRANGO~1\AppData\Local\Temp\joblib),
         steps=[('numerical_imputer',
                 TransformerWrapper(exclude=None,
                                    include=['age', 'current_policy_coverage',
                                             'years_with_company',
                                             'past_claims_count',
                                             'response_last_campaign'],
                                    transformer=SimpleImputer(add_indicator=False,
                                                              copy=True,
                                                              fill_value=None,
                                                              keep_empty_features=False,
                                                              mis...
                                                              keep_empty_features=False,
                                                              missing_values=nan,
                                                              strategy='most_frequent',
                                                              verbose='deprecated'))),
                ('onehot_encoding',
                 TransformerWrapper(exclude=None, include=['income_level'],
                                    transformer=OneHotEncoder(cols=['income_level'],
                                                              drop_invariant=False,
                                                              handle_missing='return_nan',
                                                              handle_unknown='value',
                                                              return_df=True,
                                                              use_cat_names=True,
                                                              verbose=0)))],
         verbose=False), model_name=C:\Users\BRANGO~1\AppData\Local\Temp\tmprabz2cct\Transformation Pipeline, prep_pipe_=Pipeline(memory=FastMemory(location=C:\Users\BRANGO~1\AppData\Local\Temp\joblib),
         steps=[('numerical_imputer',
                 TransformerWrapper(exclude=None,
                                    include=['age', 'current_policy_coverage',
                                             'years_with_company',
                                             'past_claims_count',
                                             'response_last_campaign'],
                                    transformer=SimpleImputer(add_indicator=False,
                                                              copy=True,
                                                              fill_value=None,
                                                              keep_empty_features=False,
                                                              mis...
                                                              keep_empty_features=False,
                                                              missing_values=nan,
                                                              strategy='most_frequent',
                                                              verbose='deprecated'))),
                ('onehot_encoding',
                 TransformerWrapper(exclude=None, include=['income_level'],
                                    transformer=OneHotEncoder(cols=['income_level'],
                                                              drop_invariant=False,
                                                              handle_missing='return_nan',
                                                              handle_unknown='value',
                                                              return_df=True,
                                                              use_cat_names=True,
                                                              verbose=0)))],
         verbose=False), verbose=False, use_case=MLUsecase.CLASSIFICATION, kwargs={})
2025-06-11 21:02:29,726:INFO:Adding model into prep_pipe
2025-06-11 21:02:29,726:WARNING:Only Model saved as it was a pipeline.
2025-06-11 21:02:29,727:INFO:C:\Users\BRANGO~1\AppData\Local\Temp\tmprabz2cct\Transformation Pipeline.pkl saved in current working directory
2025-06-11 21:02:29,729:INFO:Pipeline(memory=FastMemory(location=C:\Users\BRANGO~1\AppData\Local\Temp\joblib),
         steps=[('numerical_imputer',
                 TransformerWrapper(exclude=None,
                                    include=['age', 'current_policy_coverage',
                                             'years_with_company',
                                             'past_claims_count',
                                             'response_last_campaign'],
                                    transformer=SimpleImputer(add_indicator=False,
                                                              copy=True,
                                                              fill_value=None,
                                                              keep_empty_features=False,
                                                              mis...
                                                              keep_empty_features=False,
                                                              missing_values=nan,
                                                              strategy='most_frequent',
                                                              verbose='deprecated'))),
                ('onehot_encoding',
                 TransformerWrapper(exclude=None, include=['income_level'],
                                    transformer=OneHotEncoder(cols=['income_level'],
                                                              drop_invariant=False,
                                                              handle_missing='return_nan',
                                                              handle_unknown='value',
                                                              return_df=True,
                                                              use_cat_names=True,
                                                              verbose=0)))],
         verbose=False)
2025-06-11 21:02:29,729:INFO:save_model() successfully completed......................................
2025-06-11 21:02:29,800:INFO:SubProcess save_model() end ==================================
2025-06-11 21:02:29,833:INFO:setup() successfully completed in 0.53s...............
2025-06-11 21:02:29,833:INFO:Initializing compare_models()
2025-06-11 21:02:29,833:INFO:compare_models(self=<pycaret.classification.oop.ClassificationExperiment object at 0x0000020BEA4156D0>, include=None, exclude=None, fold=None, round=4, cross_validation=True, sort=Accuracy, n_select=1, budget_time=None, turbo=True, errors=ignore, fit_kwargs=None, groups=None, experiment_custom_tags=None, probability_threshold=None, verbose=True, parallel=None, caller_params={'self': <pycaret.classification.oop.ClassificationExperiment object at 0x0000020BEA4156D0>, 'include': None, 'exclude': None, 'fold': None, 'round': 4, 'cross_validation': True, 'sort': 'Accuracy', 'n_select': 1, 'budget_time': None, 'turbo': True, 'errors': 'ignore', 'fit_kwargs': None, 'groups': None, 'experiment_custom_tags': None, 'probability_threshold': None, 'engine': None, 'verbose': True, 'parallel': None, '__class__': <class 'pycaret.classification.oop.ClassificationExperiment'>})
2025-06-11 21:02:29,833:INFO:Checking exceptions
2025-06-11 21:02:29,846:INFO:Preparing display monitor
2025-06-11 21:02:29,848:INFO:Initializing Logistic Regression
2025-06-11 21:02:29,848:INFO:Total runtime is 0.0 minutes
2025-06-11 21:02:29,848:INFO:SubProcess create_model() called ==================================
2025-06-11 21:02:29,848:INFO:Initializing create_model()
2025-06-11 21:02:29,848:INFO:create_model(self=<pycaret.classification.oop.ClassificationExperiment object at 0x0000020BEA4156D0>, estimator=lr, fold=StratifiedKFold(n_splits=10, random_state=None, shuffle=False), round=4, cross_validation=True, predict=True, fit_kwargs={}, groups=None, refit=False, probability_threshold=None, experiment_custom_tags=None, verbose=False, system=False, add_to_model_list=True, metrics=None, display=<pycaret.internal.display.display.CommonDisplay object at 0x0000020BECC42010>, model_only=True, return_train_score=False, error_score=0.0, kwargs={})
2025-06-11 21:02:29,848:INFO:Checking exceptions
2025-06-11 21:02:29,848:INFO:Importing libraries
2025-06-11 21:02:29,848:INFO:Copying training dataset
2025-06-11 21:02:29,849:INFO:Defining folds
2025-06-11 21:02:29,849:INFO:Declaring metric variables
2025-06-11 21:02:29,849:INFO:Importing untrained model
2025-06-11 21:02:29,850:INFO:Logistic Regression Imported successfully
2025-06-11 21:02:29,850:INFO:Starting cross validation
2025-06-11 21:02:29,850:INFO:Cross validating with StratifiedKFold(n_splits=10, random_state=None, shuffle=False), n_jobs=-1
2025-06-11 21:02:31,584:INFO:Calculating mean and std
2025-06-11 21:02:31,585:INFO:Creating metrics dataframe
2025-06-11 21:02:31,587:INFO:Uploading results into container
2025-06-11 21:02:31,587:INFO:Uploading model into container now
2025-06-11 21:02:31,587:INFO:_master_model_container: 1
2025-06-11 21:02:31,587:INFO:_display_container: 2
2025-06-11 21:02:31,587:INFO:LogisticRegression(C=1.0, class_weight=None, dual=False, fit_intercept=True,
                   intercept_scaling=1, l1_ratio=None, max_iter=1000,
                   multi_class='auto', n_jobs=None, penalty='l2',
                   random_state=606, solver='lbfgs', tol=0.0001, verbose=0,
                   warm_start=False)
2025-06-11 21:02:31,587:INFO:create_model() successfully completed......................................
2025-06-11 21:02:31,673:INFO:SubProcess create_model() end ==================================
2025-06-11 21:02:31,673:INFO:Creating metrics dataframe
2025-06-11 21:02:31,674:INFO:Initializing K Neighbors Classifier
2025-06-11 21:02:31,674:INFO:Total runtime is 0.030432264010111492 minutes
2025-06-11 21:02:31,674:INFO:SubProcess create_model() called ==================================
2025-06-11 21:02:31,675:INFO:Initializing create_model()
2025-06-11 21:02:31,675:INFO:create_model(self=<pycaret.classification.oop.ClassificationExperiment object at 0x0000020BEA4156D0>, estimator=knn, fold=StratifiedKFold(n_splits=10, random_state=None, shuffle=False), round=4, cross_validation=True, predict=True, fit_kwargs={}, groups=None, refit=False, probability_threshold=None, experiment_custom_tags=None, verbose=False, system=False, add_to_model_list=True, metrics=None, display=<pycaret.internal.display.display.CommonDisplay object at 0x0000020BECC42010>, model_only=True, return_train_score=False, error_score=0.0, kwargs={})
2025-06-11 21:02:31,675:INFO:Checking exceptions
2025-06-11 21:02:31,675:INFO:Importing libraries
2025-06-11 21:02:31,675:INFO:Copying training dataset
2025-06-11 21:02:31,676:INFO:Defining folds
2025-06-11 21:02:31,676:INFO:Declaring metric variables
2025-06-11 21:02:31,676:INFO:Importing untrained model
2025-06-11 21:02:31,676:INFO:K Neighbors Classifier Imported successfully
2025-06-11 21:02:31,676:INFO:Starting cross validation
2025-06-11 21:02:31,676:INFO:Cross validating with StratifiedKFold(n_splits=10, random_state=None, shuffle=False), n_jobs=-1
2025-06-11 21:02:33,103:INFO:Calculating mean and std
2025-06-11 21:02:33,104:INFO:Creating metrics dataframe
2025-06-11 21:02:33,105:INFO:Uploading results into container
2025-06-11 21:02:33,105:INFO:Uploading model into container now
2025-06-11 21:02:33,105:INFO:_master_model_container: 2
2025-06-11 21:02:33,105:INFO:_display_container: 2
2025-06-11 21:02:33,105:INFO:KNeighborsClassifier(algorithm='auto', leaf_size=30, metric='minkowski',
                     metric_params=None, n_jobs=-1, n_neighbors=5, p=2,
                     weights='uniform')
2025-06-11 21:02:33,105:INFO:create_model() successfully completed......................................
2025-06-11 21:02:33,164:INFO:SubProcess create_model() end ==================================
2025-06-11 21:02:33,164:INFO:Creating metrics dataframe
2025-06-11 21:02:33,166:INFO:Initializing Naive Bayes
2025-06-11 21:02:33,166:INFO:Total runtime is 0.055301765600840255 minutes
2025-06-11 21:02:33,166:INFO:SubProcess create_model() called ==================================
2025-06-11 21:02:33,166:INFO:Initializing create_model()
2025-06-11 21:02:33,166:INFO:create_model(self=<pycaret.classification.oop.ClassificationExperiment object at 0x0000020BEA4156D0>, estimator=nb, fold=StratifiedKFold(n_splits=10, random_state=None, shuffle=False), round=4, cross_validation=True, predict=True, fit_kwargs={}, groups=None, refit=False, probability_threshold=None, experiment_custom_tags=None, verbose=False, system=False, add_to_model_list=True, metrics=None, display=<pycaret.internal.display.display.CommonDisplay object at 0x0000020BECC42010>, model_only=True, return_train_score=False, error_score=0.0, kwargs={})
2025-06-11 21:02:33,166:INFO:Checking exceptions
2025-06-11 21:02:33,166:INFO:Importing libraries
2025-06-11 21:02:33,166:INFO:Copying training dataset
2025-06-11 21:02:33,167:INFO:Defining folds
2025-06-11 21:02:33,167:INFO:Declaring metric variables
2025-06-11 21:02:33,167:INFO:Importing untrained model
2025-06-11 21:02:33,167:INFO:Naive Bayes Imported successfully
2025-06-11 21:02:33,167:INFO:Starting cross validation
2025-06-11 21:02:33,167:INFO:Cross validating with StratifiedKFold(n_splits=10, random_state=None, shuffle=False), n_jobs=-1
2025-06-11 21:02:34,568:INFO:Calculating mean and std
2025-06-11 21:02:34,569:INFO:Creating metrics dataframe
2025-06-11 21:02:34,571:INFO:Uploading results into container
2025-06-11 21:02:34,571:INFO:Uploading model into container now
2025-06-11 21:02:34,572:INFO:_master_model_container: 3
2025-06-11 21:02:34,572:INFO:_display_container: 2
2025-06-11 21:02:34,572:INFO:GaussianNB(priors=None, var_smoothing=1e-09)
2025-06-11 21:02:34,572:INFO:create_model() successfully completed......................................
2025-06-11 21:02:34,653:INFO:SubProcess create_model() end ==================================
2025-06-11 21:02:34,653:INFO:Creating metrics dataframe
2025-06-11 21:02:34,655:INFO:Initializing Decision Tree Classifier
2025-06-11 21:02:34,655:INFO:Total runtime is 0.08012686967849732 minutes
2025-06-11 21:02:34,655:INFO:SubProcess create_model() called ==================================
2025-06-11 21:02:34,655:INFO:Initializing create_model()
2025-06-11 21:02:34,655:INFO:create_model(self=<pycaret.classification.oop.ClassificationExperiment object at 0x0000020BEA4156D0>, estimator=dt, fold=StratifiedKFold(n_splits=10, random_state=None, shuffle=False), round=4, cross_validation=True, predict=True, fit_kwargs={}, groups=None, refit=False, probability_threshold=None, experiment_custom_tags=None, verbose=False, system=False, add_to_model_list=True, metrics=None, display=<pycaret.internal.display.display.CommonDisplay object at 0x0000020BECC42010>, model_only=True, return_train_score=False, error_score=0.0, kwargs={})
2025-06-11 21:02:34,655:INFO:Checking exceptions
2025-06-11 21:02:34,655:INFO:Importing libraries
2025-06-11 21:02:34,655:INFO:Copying training dataset
2025-06-11 21:02:34,657:INFO:Defining folds
2025-06-11 21:02:34,657:INFO:Declaring metric variables
2025-06-11 21:02:34,657:INFO:Importing untrained model
2025-06-11 21:02:34,657:INFO:Decision Tree Classifier Imported successfully
2025-06-11 21:02:34,657:INFO:Starting cross validation
2025-06-11 21:02:34,658:INFO:Cross validating with StratifiedKFold(n_splits=10, random_state=None, shuffle=False), n_jobs=-1
2025-06-11 21:02:35,728:INFO:Calculating mean and std
2025-06-11 21:02:35,728:INFO:Creating metrics dataframe
2025-06-11 21:02:35,730:INFO:Uploading results into container
2025-06-11 21:02:35,730:INFO:Uploading model into container now
2025-06-11 21:02:35,730:INFO:_master_model_container: 4
2025-06-11 21:02:35,730:INFO:_display_container: 2
2025-06-11 21:02:35,730:INFO:DecisionTreeClassifier(ccp_alpha=0.0, class_weight=None, criterion='gini',
                       max_depth=None, max_features=None, max_leaf_nodes=None,
                       min_impurity_decrease=0.0, min_samples_leaf=1,
                       min_samples_split=2, min_weight_fraction_leaf=0.0,
                       random_state=606, splitter='best')
2025-06-11 21:02:35,730:INFO:create_model() successfully completed......................................
2025-06-11 21:02:35,808:INFO:SubProcess create_model() end ==================================
2025-06-11 21:02:35,809:INFO:Creating metrics dataframe
2025-06-11 21:02:35,810:INFO:Initializing SVM - Linear Kernel
2025-06-11 21:02:35,810:INFO:Total runtime is 0.09937191804250081 minutes
2025-06-11 21:02:35,810:INFO:SubProcess create_model() called ==================================
2025-06-11 21:02:35,810:INFO:Initializing create_model()
2025-06-11 21:02:35,810:INFO:create_model(self=<pycaret.classification.oop.ClassificationExperiment object at 0x0000020BEA4156D0>, estimator=svm, fold=StratifiedKFold(n_splits=10, random_state=None, shuffle=False), round=4, cross_validation=True, predict=True, fit_kwargs={}, groups=None, refit=False, probability_threshold=None, experiment_custom_tags=None, verbose=False, system=False, add_to_model_list=True, metrics=None, display=<pycaret.internal.display.display.CommonDisplay object at 0x0000020BECC42010>, model_only=True, return_train_score=False, error_score=0.0, kwargs={})
2025-06-11 21:02:35,810:INFO:Checking exceptions
2025-06-11 21:02:35,810:INFO:Importing libraries
2025-06-11 21:02:35,810:INFO:Copying training dataset
2025-06-11 21:02:35,812:INFO:Defining folds
2025-06-11 21:02:35,812:INFO:Declaring metric variables
2025-06-11 21:02:35,812:INFO:Importing untrained model
2025-06-11 21:02:35,812:INFO:SVM - Linear Kernel Imported successfully
2025-06-11 21:02:35,812:INFO:Starting cross validation
2025-06-11 21:02:35,813:INFO:Cross validating with StratifiedKFold(n_splits=10, random_state=None, shuffle=False), n_jobs=-1
2025-06-11 21:02:35,837:WARNING:C:\Users\Brangovich\AppData\Local\Programs\Python\Python311\Lib\site-packages\pycaret\internal\metrics.py:190: FitFailedWarning: Metric 'make_scorer(roc_auc_score, needs_proba=True, error_score=0.0, average=weighted, multi_class=ovr)' failed and error score 0.0 has been returned instead. If this is a custom metric, this usually means that the error is in the metric code. Full exception below:
Traceback (most recent call last):
  File "C:\Users\Brangovich\AppData\Local\Programs\Python\Python311\Lib\site-packages\sklearn\metrics\_scorer.py", line 76, in _cached_call
    return cache[method]
           ~~~~~^^^^^^^^
KeyError: 'predict_proba'

During handling of the above exception, another exception occurred:

Traceback (most recent call last):
  File "C:\Users\Brangovich\AppData\Local\Programs\Python\Python311\Lib\site-packages\pycaret\internal\metrics.py", line 182, in _score
    return super()._score(
           ^^^^^^^^^^^^^^^
  File "C:\Users\Brangovich\AppData\Local\Programs\Python\Python311\Lib\site-packages\sklearn\metrics\_scorer.py", line 316, in _score
    y_pred = method_caller(clf, "predict_proba", X)
             ^^^^^^^^^^^^^^^^^^^^^^^^^^^^^^^^^^^^^^
  File "C:\Users\Brangovich\AppData\Local\Programs\Python\Python311\Lib\site-packages\sklearn\metrics\_scorer.py", line 78, in _cached_call
    result = getattr(estimator, method)(*args, **kwargs)
             ^^^^^^^^^^^^^^^^^^^^^^^^^^
  File "C:\Users\Brangovich\AppData\Local\Programs\Python\Python311\Lib\site-packages\pycaret\internal\pipeline.py", line 127, in __getattr__
    return getattr(self._final_estimator, name)
           ^^^^^^^^^^^^^^^^^^^^^^^^^^^^^^^^^^^^
  File "C:\Users\Brangovich\AppData\Local\Programs\Python\Python311\Lib\site-packages\sklearn\utils\_available_if.py", line 32, in __get__
    if not self.check(obj):
           ^^^^^^^^^^^^^^^
  File "C:\Users\Brangovich\AppData\Local\Programs\Python\Python311\Lib\site-packages\sklearn\linear_model\_stochastic_gradient.py", line 1235, in _check_proba
    raise AttributeError(
AttributeError: probability estimates are not available for loss='hinge'

  warnings.warn(

2025-06-11 21:02:35,837:WARNING:C:\Users\Brangovich\AppData\Local\Programs\Python\Python311\Lib\site-packages\pycaret\internal\metrics.py:190: FitFailedWarning: Metric 'make_scorer(roc_auc_score, needs_proba=True, error_score=0.0, average=weighted, multi_class=ovr)' failed and error score 0.0 has been returned instead. If this is a custom metric, this usually means that the error is in the metric code. Full exception below:
Traceback (most recent call last):
  File "C:\Users\Brangovich\AppData\Local\Programs\Python\Python311\Lib\site-packages\sklearn\metrics\_scorer.py", line 76, in _cached_call
    return cache[method]
           ~~~~~^^^^^^^^
KeyError: 'predict_proba'

During handling of the above exception, another exception occurred:

Traceback (most recent call last):
  File "C:\Users\Brangovich\AppData\Local\Programs\Python\Python311\Lib\site-packages\pycaret\internal\metrics.py", line 182, in _score
    return super()._score(
           ^^^^^^^^^^^^^^^
  File "C:\Users\Brangovich\AppData\Local\Programs\Python\Python311\Lib\site-packages\sklearn\metrics\_scorer.py", line 316, in _score
    y_pred = method_caller(clf, "predict_proba", X)
             ^^^^^^^^^^^^^^^^^^^^^^^^^^^^^^^^^^^^^^
  File "C:\Users\Brangovich\AppData\Local\Programs\Python\Python311\Lib\site-packages\sklearn\metrics\_scorer.py", line 78, in _cached_call
    result = getattr(estimator, method)(*args, **kwargs)
             ^^^^^^^^^^^^^^^^^^^^^^^^^^
  File "C:\Users\Brangovich\AppData\Local\Programs\Python\Python311\Lib\site-packages\pycaret\internal\pipeline.py", line 127, in __getattr__
    return getattr(self._final_estimator, name)
           ^^^^^^^^^^^^^^^^^^^^^^^^^^^^^^^^^^^^
  File "C:\Users\Brangovich\AppData\Local\Programs\Python\Python311\Lib\site-packages\sklearn\utils\_available_if.py", line 32, in __get__
    if not self.check(obj):
           ^^^^^^^^^^^^^^^
  File "C:\Users\Brangovich\AppData\Local\Programs\Python\Python311\Lib\site-packages\sklearn\linear_model\_stochastic_gradient.py", line 1235, in _check_proba
    raise AttributeError(
AttributeError: probability estimates are not available for loss='hinge'

  warnings.warn(

2025-06-11 21:02:35,837:WARNING:C:\Users\Brangovich\AppData\Local\Programs\Python\Python311\Lib\site-packages\pycaret\internal\metrics.py:190: FitFailedWarning: Metric 'make_scorer(roc_auc_score, needs_proba=True, error_score=0.0, average=weighted, multi_class=ovr)' failed and error score 0.0 has been returned instead. If this is a custom metric, this usually means that the error is in the metric code. Full exception below:
Traceback (most recent call last):
  File "C:\Users\Brangovich\AppData\Local\Programs\Python\Python311\Lib\site-packages\sklearn\metrics\_scorer.py", line 76, in _cached_call
    return cache[method]
           ~~~~~^^^^^^^^
KeyError: 'predict_proba'

During handling of the above exception, another exception occurred:

Traceback (most recent call last):
  File "C:\Users\Brangovich\AppData\Local\Programs\Python\Python311\Lib\site-packages\pycaret\internal\metrics.py", line 182, in _score
    return super()._score(
           ^^^^^^^^^^^^^^^
  File "C:\Users\Brangovich\AppData\Local\Programs\Python\Python311\Lib\site-packages\sklearn\metrics\_scorer.py", line 316, in _score
    y_pred = method_caller(clf, "predict_proba", X)
             ^^^^^^^^^^^^^^^^^^^^^^^^^^^^^^^^^^^^^^
  File "C:\Users\Brangovich\AppData\Local\Programs\Python\Python311\Lib\site-packages\sklearn\metrics\_scorer.py", line 78, in _cached_call
    result = getattr(estimator, method)(*args, **kwargs)
             ^^^^^^^^^^^^^^^^^^^^^^^^^^
  File "C:\Users\Brangovich\AppData\Local\Programs\Python\Python311\Lib\site-packages\pycaret\internal\pipeline.py", line 127, in __getattr__
    return getattr(self._final_estimator, name)
           ^^^^^^^^^^^^^^^^^^^^^^^^^^^^^^^^^^^^
  File "C:\Users\Brangovich\AppData\Local\Programs\Python\Python311\Lib\site-packages\sklearn\utils\_available_if.py", line 32, in __get__
    if not self.check(obj):
           ^^^^^^^^^^^^^^^
  File "C:\Users\Brangovich\AppData\Local\Programs\Python\Python311\Lib\site-packages\sklearn\linear_model\_stochastic_gradient.py", line 1235, in _check_proba
    raise AttributeError(
AttributeError: probability estimates are not available for loss='hinge'

  warnings.warn(

2025-06-11 21:02:35,837:WARNING:C:\Users\Brangovich\AppData\Local\Programs\Python\Python311\Lib\site-packages\pycaret\internal\metrics.py:190: FitFailedWarning: Metric 'make_scorer(roc_auc_score, needs_proba=True, error_score=0.0, average=weighted, multi_class=ovr)' failed and error score 0.0 has been returned instead. If this is a custom metric, this usually means that the error is in the metric code. Full exception below:
Traceback (most recent call last):
  File "C:\Users\Brangovich\AppData\Local\Programs\Python\Python311\Lib\site-packages\sklearn\metrics\_scorer.py", line 76, in _cached_call
    return cache[method]
           ~~~~~^^^^^^^^
KeyError: 'predict_proba'

During handling of the above exception, another exception occurred:

Traceback (most recent call last):
  File "C:\Users\Brangovich\AppData\Local\Programs\Python\Python311\Lib\site-packages\pycaret\internal\metrics.py", line 182, in _score
    return super()._score(
           ^^^^^^^^^^^^^^^
  File "C:\Users\Brangovich\AppData\Local\Programs\Python\Python311\Lib\site-packages\sklearn\metrics\_scorer.py", line 316, in _score
    y_pred = method_caller(clf, "predict_proba", X)
             ^^^^^^^^^^^^^^^^^^^^^^^^^^^^^^^^^^^^^^
  File "C:\Users\Brangovich\AppData\Local\Programs\Python\Python311\Lib\site-packages\sklearn\metrics\_scorer.py", line 78, in _cached_call
    result = getattr(estimator, method)(*args, **kwargs)
             ^^^^^^^^^^^^^^^^^^^^^^^^^^
  File "C:\Users\Brangovich\AppData\Local\Programs\Python\Python311\Lib\site-packages\pycaret\internal\pipeline.py", line 127, in __getattr__
    return getattr(self._final_estimator, name)
           ^^^^^^^^^^^^^^^^^^^^^^^^^^^^^^^^^^^^
  File "C:\Users\Brangovich\AppData\Local\Programs\Python\Python311\Lib\site-packages\sklearn\utils\_available_if.py", line 32, in __get__
    if not self.check(obj):
           ^^^^^^^^^^^^^^^
  File "C:\Users\Brangovich\AppData\Local\Programs\Python\Python311\Lib\site-packages\sklearn\linear_model\_stochastic_gradient.py", line 1235, in _check_proba
    raise AttributeError(
AttributeError: probability estimates are not available for loss='hinge'

  warnings.warn(

2025-06-11 21:02:35,838:WARNING:C:\Users\Brangovich\AppData\Local\Programs\Python\Python311\Lib\site-packages\pycaret\internal\metrics.py:190: FitFailedWarning: Metric 'make_scorer(roc_auc_score, needs_proba=True, error_score=0.0, average=weighted, multi_class=ovr)' failed and error score 0.0 has been returned instead. If this is a custom metric, this usually means that the error is in the metric code. Full exception below:
Traceback (most recent call last):
  File "C:\Users\Brangovich\AppData\Local\Programs\Python\Python311\Lib\site-packages\sklearn\metrics\_scorer.py", line 76, in _cached_call
    return cache[method]
           ~~~~~^^^^^^^^
KeyError: 'predict_proba'

During handling of the above exception, another exception occurred:

Traceback (most recent call last):
  File "C:\Users\Brangovich\AppData\Local\Programs\Python\Python311\Lib\site-packages\pycaret\internal\metrics.py", line 182, in _score
    return super()._score(
           ^^^^^^^^^^^^^^^
  File "C:\Users\Brangovich\AppData\Local\Programs\Python\Python311\Lib\site-packages\sklearn\metrics\_scorer.py", line 316, in _score
    y_pred = method_caller(clf, "predict_proba", X)
             ^^^^^^^^^^^^^^^^^^^^^^^^^^^^^^^^^^^^^^
  File "C:\Users\Brangovich\AppData\Local\Programs\Python\Python311\Lib\site-packages\sklearn\metrics\_scorer.py", line 78, in _cached_call
    result = getattr(estimator, method)(*args, **kwargs)
             ^^^^^^^^^^^^^^^^^^^^^^^^^^
  File "C:\Users\Brangovich\AppData\Local\Programs\Python\Python311\Lib\site-packages\pycaret\internal\pipeline.py", line 127, in __getattr__
    return getattr(self._final_estimator, name)
           ^^^^^^^^^^^^^^^^^^^^^^^^^^^^^^^^^^^^
  File "C:\Users\Brangovich\AppData\Local\Programs\Python\Python311\Lib\site-packages\sklearn\utils\_available_if.py", line 32, in __get__
    if not self.check(obj):
           ^^^^^^^^^^^^^^^
  File "C:\Users\Brangovich\AppData\Local\Programs\Python\Python311\Lib\site-packages\sklearn\linear_model\_stochastic_gradient.py", line 1235, in _check_proba
    raise AttributeError(
AttributeError: probability estimates are not available for loss='hinge'

  warnings.warn(

2025-06-11 21:02:35,838:WARNING:C:\Users\Brangovich\AppData\Local\Programs\Python\Python311\Lib\site-packages\pycaret\internal\metrics.py:190: FitFailedWarning: Metric 'make_scorer(roc_auc_score, needs_proba=True, error_score=0.0, average=weighted, multi_class=ovr)' failed and error score 0.0 has been returned instead. If this is a custom metric, this usually means that the error is in the metric code. Full exception below:
Traceback (most recent call last):
  File "C:\Users\Brangovich\AppData\Local\Programs\Python\Python311\Lib\site-packages\sklearn\metrics\_scorer.py", line 76, in _cached_call
    return cache[method]
           ~~~~~^^^^^^^^
KeyError: 'predict_proba'

During handling of the above exception, another exception occurred:

Traceback (most recent call last):
  File "C:\Users\Brangovich\AppData\Local\Programs\Python\Python311\Lib\site-packages\pycaret\internal\metrics.py", line 182, in _score
    return super()._score(
           ^^^^^^^^^^^^^^^
  File "C:\Users\Brangovich\AppData\Local\Programs\Python\Python311\Lib\site-packages\sklearn\metrics\_scorer.py", line 316, in _score
    y_pred = method_caller(clf, "predict_proba", X)
             ^^^^^^^^^^^^^^^^^^^^^^^^^^^^^^^^^^^^^^
  File "C:\Users\Brangovich\AppData\Local\Programs\Python\Python311\Lib\site-packages\sklearn\metrics\_scorer.py", line 78, in _cached_call
    result = getattr(estimator, method)(*args, **kwargs)
             ^^^^^^^^^^^^^^^^^^^^^^^^^^
  File "C:\Users\Brangovich\AppData\Local\Programs\Python\Python311\Lib\site-packages\pycaret\internal\pipeline.py", line 127, in __getattr__
    return getattr(self._final_estimator, name)
           ^^^^^^^^^^^^^^^^^^^^^^^^^^^^^^^^^^^^
  File "C:\Users\Brangovich\AppData\Local\Programs\Python\Python311\Lib\site-packages\sklearn\utils\_available_if.py", line 32, in __get__
    if not self.check(obj):
           ^^^^^^^^^^^^^^^
  File "C:\Users\Brangovich\AppData\Local\Programs\Python\Python311\Lib\site-packages\sklearn\linear_model\_stochastic_gradient.py", line 1235, in _check_proba
    raise AttributeError(
AttributeError: probability estimates are not available for loss='hinge'

  warnings.warn(

2025-06-11 21:02:35,839:WARNING:C:\Users\Brangovich\AppData\Local\Programs\Python\Python311\Lib\site-packages\sklearn\metrics\_classification.py:1344: UndefinedMetricWarning: Precision is ill-defined and being set to 0.0 due to no predicted samples. Use `zero_division` parameter to control this behavior.
  _warn_prf(average, modifier, msg_start, len(result))

2025-06-11 21:02:35,839:WARNING:C:\Users\Brangovich\AppData\Local\Programs\Python\Python311\Lib\site-packages\sklearn\metrics\_classification.py:1344: UndefinedMetricWarning: Precision is ill-defined and being set to 0.0 due to no predicted samples. Use `zero_division` parameter to control this behavior.
  _warn_prf(average, modifier, msg_start, len(result))

2025-06-11 21:02:35,839:WARNING:C:\Users\Brangovich\AppData\Local\Programs\Python\Python311\Lib\site-packages\pycaret\internal\metrics.py:190: FitFailedWarning: Metric 'make_scorer(roc_auc_score, needs_proba=True, error_score=0.0, average=weighted, multi_class=ovr)' failed and error score 0.0 has been returned instead. If this is a custom metric, this usually means that the error is in the metric code. Full exception below:
Traceback (most recent call last):
  File "C:\Users\Brangovich\AppData\Local\Programs\Python\Python311\Lib\site-packages\sklearn\metrics\_scorer.py", line 76, in _cached_call
    return cache[method]
           ~~~~~^^^^^^^^
KeyError: 'predict_proba'

During handling of the above exception, another exception occurred:

Traceback (most recent call last):
  File "C:\Users\Brangovich\AppData\Local\Programs\Python\Python311\Lib\site-packages\pycaret\internal\metrics.py", line 182, in _score
    return super()._score(
           ^^^^^^^^^^^^^^^
  File "C:\Users\Brangovich\AppData\Local\Programs\Python\Python311\Lib\site-packages\sklearn\metrics\_scorer.py", line 316, in _score
    y_pred = method_caller(clf, "predict_proba", X)
             ^^^^^^^^^^^^^^^^^^^^^^^^^^^^^^^^^^^^^^
  File "C:\Users\Brangovich\AppData\Local\Programs\Python\Python311\Lib\site-packages\sklearn\metrics\_scorer.py", line 78, in _cached_call
    result = getattr(estimator, method)(*args, **kwargs)
             ^^^^^^^^^^^^^^^^^^^^^^^^^^
  File "C:\Users\Brangovich\AppData\Local\Programs\Python\Python311\Lib\site-packages\pycaret\internal\pipeline.py", line 127, in __getattr__
    return getattr(self._final_estimator, name)
           ^^^^^^^^^^^^^^^^^^^^^^^^^^^^^^^^^^^^
  File "C:\Users\Brangovich\AppData\Local\Programs\Python\Python311\Lib\site-packages\sklearn\utils\_available_if.py", line 32, in __get__
    if not self.check(obj):
           ^^^^^^^^^^^^^^^
  File "C:\Users\Brangovich\AppData\Local\Programs\Python\Python311\Lib\site-packages\sklearn\linear_model\_stochastic_gradient.py", line 1235, in _check_proba
    raise AttributeError(
AttributeError: probability estimates are not available for loss='hinge'

  warnings.warn(

2025-06-11 21:02:35,839:WARNING:C:\Users\Brangovich\AppData\Local\Programs\Python\Python311\Lib\site-packages\pycaret\internal\metrics.py:190: FitFailedWarning: Metric 'make_scorer(roc_auc_score, needs_proba=True, error_score=0.0, average=weighted, multi_class=ovr)' failed and error score 0.0 has been returned instead. If this is a custom metric, this usually means that the error is in the metric code. Full exception below:
Traceback (most recent call last):
  File "C:\Users\Brangovich\AppData\Local\Programs\Python\Python311\Lib\site-packages\sklearn\metrics\_scorer.py", line 76, in _cached_call
    return cache[method]
           ~~~~~^^^^^^^^
KeyError: 'predict_proba'

During handling of the above exception, another exception occurred:

Traceback (most recent call last):
  File "C:\Users\Brangovich\AppData\Local\Programs\Python\Python311\Lib\site-packages\pycaret\internal\metrics.py", line 182, in _score
    return super()._score(
           ^^^^^^^^^^^^^^^
  File "C:\Users\Brangovich\AppData\Local\Programs\Python\Python311\Lib\site-packages\sklearn\metrics\_scorer.py", line 316, in _score
    y_pred = method_caller(clf, "predict_proba", X)
             ^^^^^^^^^^^^^^^^^^^^^^^^^^^^^^^^^^^^^^
  File "C:\Users\Brangovich\AppData\Local\Programs\Python\Python311\Lib\site-packages\sklearn\metrics\_scorer.py", line 78, in _cached_call
    result = getattr(estimator, method)(*args, **kwargs)
             ^^^^^^^^^^^^^^^^^^^^^^^^^^
  File "C:\Users\Brangovich\AppData\Local\Programs\Python\Python311\Lib\site-packages\pycaret\internal\pipeline.py", line 127, in __getattr__
    return getattr(self._final_estimator, name)
           ^^^^^^^^^^^^^^^^^^^^^^^^^^^^^^^^^^^^
  File "C:\Users\Brangovich\AppData\Local\Programs\Python\Python311\Lib\site-packages\sklearn\utils\_available_if.py", line 32, in __get__
    if not self.check(obj):
           ^^^^^^^^^^^^^^^
  File "C:\Users\Brangovich\AppData\Local\Programs\Python\Python311\Lib\site-packages\sklearn\linear_model\_stochastic_gradient.py", line 1235, in _check_proba
    raise AttributeError(
AttributeError: probability estimates are not available for loss='hinge'

  warnings.warn(

2025-06-11 21:02:35,839:WARNING:C:\Users\Brangovich\AppData\Local\Programs\Python\Python311\Lib\site-packages\sklearn\metrics\_classification.py:1344: UndefinedMetricWarning: Precision is ill-defined and being set to 0.0 due to no predicted samples. Use `zero_division` parameter to control this behavior.
  _warn_prf(average, modifier, msg_start, len(result))

ns that the error is in the metric code. Full exception below:
Traceback (most recent call last):
  File "C:\Users\Brangovich\AppData\Local\Programs\Python\Python311\Lib\site-packages\sklearn\metrics\_scorer.py", line 76, in _cached_call
    return cache[method]
           ~~~~~^^^^^^^^
KeyError: 'predict_proba'

During handling of the above exception, another exception occurred:

Traceback (most recent call last):
  File "C:\Users\Brangovich\AppData\Local\Programs\Python\Python311\Lib\site-packages\pycaret\internal\metrics.py", line 182, in _score
    return super()._score(
           ^^^^^^^^^^^^^^^
  File "C:\Users\Brangovich\AppData\Local\Programs\Python\Python311\Lib\site-packages\sklearn\metrics\_scorer.py", line 316, in _score
    y_pred = method_caller(clf, "predict_proba", X)
             ^^^^^^^^^^^^^^^^^^^^^^^^^^^^^^^^^^^^^^
  File "C:\Users\Brangovich\AppData\Local\Programs\Python\Python311\Lib\site-packages\sklearn\metrics\_scorer.py", line 78, in _cached_call
    result = getattr(estimator, method)(*args, **kwargs)
             ^^^^^^^^^^^^^^^^^^^^^^^^^^
  File "C:\Users\Brangovich\AppData\Local\Programs\Python\Python311\Lib\site-packages\pycaret\internal\pipeline.py", line 127, in __getattr__
    return getattr(self._final_estimator, name)
           ^^^^^^^^^^^^^^^^^^^^^^^^^^^^^^^^^^^^
  File "C:\Users\Brangovich\AppData\Local\Programs\Python\Python311\Lib\site-packages\sklearn\utils\_available_if.py", line 32, in __get__
    if not self.check(obj):
           ^^^^^^^^^^^^^^^
  File "C:\Users\Brangovich\AppData\Local\Programs\Python\Python311\Lib\site-packages\sklearn\linear_model\_stochastic_gradient.py", line 1235, in _check_proba
    raise AttributeError(
AttributeError: probability estimates are not available for loss='hinge'

  warnings.warn(

2025-06-11 21:02:35,839:WARNING:C:\Users\Brangovich\AppData\Local\Programs\Python\Python311\Lib\site-packages\sklearn\metrics\_classification.py:1344: UndefinedMetricWarning: Precision is ill-defined and being set to 0.0 due to no predicted samples. Use `zero_division` parameter to control this behavior.
  _warn_prf(average, modifier, msg_start, len(result))

2025-06-11 21:02:35,840:WARNING:C:\Users\Brangovich\AppData\Local\Programs\Python\Python311\Lib\site-packages\pycaret\internal\metrics.py:190: FitFailedWarning: Metric 'make_scorer(roc_auc_score, needs_proba=True, error_score=0.0, average=weighted, multi_class=ovr)' failed and error score 0.0 has been returned instead. If this is a custom metric, this usually means that the error is in the metric code. Full exception below:
Traceback (most recent call last):
  File "C:\Users\Brangovich\AppData\Local\Programs\Python\Python311\Lib\site-packages\sklearn\metrics\_scorer.py", line 76, in _cached_call
    return cache[method]
           ~~~~~^^^^^^^^
KeyError: 'predict_proba'

During handling of the above exception, another exception occurred:

Traceback (most recent call last):
  File "C:\Users\Brangovich\AppData\Local\Programs\Python\Python311\Lib\site-packages\pycaret\internal\metrics.py", line 182, in _score
    return super()._score(
           ^^^^^^^^^^^^^^^
  File "C:\Users\Brangovich\AppData\Local\Programs\Python\Python311\Lib\site-packages\sklearn\metrics\_scorer.py", line 316, in _score
    y_pred = method_caller(clf, "predict_proba", X)
             ^^^^^^^^^^^^^^^^^^^^^^^^^^^^^^^^^^^^^^
  File "C:\Users\Brangovich\AppData\Local\Programs\Python\Python311\Lib\site-packages\sklearn\metrics\_scorer.py", line 78, in _cached_call
    result = getattr(estimator, method)(*args, **kwargs)
             ^^^^^^^^^^^^^^^^^^^^^^^^^^
  File "C:\Users\Brangovich\AppData\Local\Programs\Python\Python311\Lib\site-packages\pycaret\internal\pipeline.py", line 127, in __getattr__
    return getattr(self._final_estimator, name)
           ^^^^^^^^^^^^^^^^^^^^^^^^^^^^^^^^^^^^
  File "C:\Users\Brangovich\AppData\Local\Programs\Python\Python311\Lib\site-packages\sklearn\utils\_available_if.py", line 32, in __get__
    if not self.check(obj):
           ^^^^^^^^^^^^^^^
  File "C:\Users\Brangovich\AppData\Local\Programs\Python\Python311\Lib\site-packages\sklearn\linear_model\_stochastic_gradient.py", line 1235, in _check_proba
    raise AttributeError(
AttributeError: probability estimates are not available for loss='hinge'

  warnings.warn(

2025-06-11 21:02:35,841:WARNING:C:\Users\Brangovich\AppData\Local\Programs\Python\Python311\Lib\site-packages\sklearn\metrics\_classification.py:1344: UndefinedMetricWarning: Precision is ill-defined and being set to 0.0 due to no predicted samples. Use `zero_division` parameter to control this behavior.
  _warn_prf(average, modifier, msg_start, len(result))

2025-06-11 21:02:35,841:WARNING:C:\Users\Brangovich\AppData\Local\Programs\Python\Python311\Lib\site-packages\sklearn\metrics\_classification.py:1344: UndefinedMetricWarning: Precision is ill-defined and being set to 0.0 due to no predicted samples. Use `zero_division` parameter to control this behavior.
  _warn_prf(average, modifier, msg_start, len(result))

2025-06-11 21:02:35,841:WARNING:C:\Users\Brangovich\AppData\Local\Programs\Python\Python311\Lib\site-packages\sklearn\metrics\_classification.py:1344: UndefinedMetricWarning: Precision is ill-defined and being set to 0.0 due to no predicted samples. Use `zero_division` parameter to control this behavior.
  _warn_prf(average, modifier, msg_start, len(result))

2025-06-11 21:02:35,842:WARNING:C:\Users\Brangovich\AppData\Local\Programs\Python\Python311\Lib\site-packages\sklearn\metrics\_classification.py:1344: UndefinedMetricWarning: Precision is ill-defined and being set to 0.0 due to no predicted samples. Use `zero_division` parameter to control this behavior.
  _warn_prf(average, modifier, msg_start, len(result))

2025-06-11 21:02:35,847:INFO:Calculating mean and std
2025-06-11 21:02:35,847:INFO:Creating metrics dataframe
2025-06-11 21:02:35,849:INFO:Uploading results into container
2025-06-11 21:02:35,849:INFO:Uploading model into container now
2025-06-11 21:02:35,849:INFO:_master_model_container: 5
2025-06-11 21:02:35,849:INFO:_display_container: 2
2025-06-11 21:02:35,849:INFO:SGDClassifier(alpha=0.0001, average=False, class_weight=None,
              early_stopping=False, epsilon=0.1, eta0=0.001, fit_intercept=True,
              l1_ratio=0.15, learning_rate='optimal', loss='hinge',
              max_iter=1000, n_iter_no_change=5, n_jobs=-1, penalty='l2',
              power_t=0.5, random_state=606, shuffle=True, tol=0.001,
              validation_fraction=0.1, verbose=0, warm_start=False)
2025-06-11 21:02:35,849:INFO:create_model() successfully completed......................................
2025-06-11 21:02:35,920:INFO:SubProcess create_model() end ==================================
2025-06-11 21:02:35,920:INFO:Creating metrics dataframe
2025-06-11 21:02:35,922:INFO:Initializing Ridge Classifier
2025-06-11 21:02:35,922:INFO:Total runtime is 0.10123210350672404 minutes
2025-06-11 21:02:35,922:INFO:SubProcess create_model() called ==================================
2025-06-11 21:02:35,922:INFO:Initializing create_model()
2025-06-11 21:02:35,922:INFO:create_model(self=<pycaret.classification.oop.ClassificationExperiment object at 0x0000020BEA4156D0>, estimator=ridge, fold=StratifiedKFold(n_splits=10, random_state=None, shuffle=False), round=4, cross_validation=True, predict=True, fit_kwargs={}, groups=None, refit=False, probability_threshold=None, experiment_custom_tags=None, verbose=False, system=False, add_to_model_list=True, metrics=None, display=<pycaret.internal.display.display.CommonDisplay object at 0x0000020BECC42010>, model_only=True, return_train_score=False, error_score=0.0, kwargs={})
2025-06-11 21:02:35,922:INFO:Checking exceptions
2025-06-11 21:02:35,922:INFO:Importing libraries
2025-06-11 21:02:35,922:INFO:Copying training dataset
2025-06-11 21:02:35,923:INFO:Defining folds
2025-06-11 21:02:35,923:INFO:Declaring metric variables
2025-06-11 21:02:35,923:INFO:Importing untrained model
2025-06-11 21:02:35,923:INFO:Ridge Classifier Imported successfully
2025-06-11 21:02:35,924:INFO:Starting cross validation
2025-06-11 21:02:35,924:INFO:Cross validating with StratifiedKFold(n_splits=10, random_state=None, shuffle=False), n_jobs=-1
2025-06-11 21:02:35,946:WARNING:C:\Users\Brangovich\AppData\Local\Programs\Python\Python311\Lib\site-packages\pycaret\internal\metrics.py:190: FitFailedWarning: Metric 'make_scorer(roc_auc_score, needs_proba=True, error_score=0.0, average=weighted, multi_class=ovr)' failed and error score 0.0 has been returned instead. If this is a custom metric, this usually means that the error is in the metric code. Full exception below:
Traceback (most recent call last):
  File "C:\Users\Brangovich\AppData\Local\Programs\Python\Python311\Lib\site-packages\sklearn\metrics\_scorer.py", line 76, in _cached_call
    return cache[method]
           ~~~~~^^^^^^^^
KeyError: 'predict_proba'

During handling of the above exception, another exception occurred:

Traceback (most recent call last):
  File "C:\Users\Brangovich\AppData\Local\Programs\Python\Python311\Lib\site-packages\pycaret\internal\metrics.py", line 182, in _score
    return super()._score(
           ^^^^^^^^^^^^^^^
  File "C:\Users\Brangovich\AppData\Local\Programs\Python\Python311\Lib\site-packages\sklearn\metrics\_scorer.py", line 316, in _score
    y_pred = method_caller(clf, "predict_proba", X)
             ^^^^^^^^^^^^^^^^^^^^^^^^^^^^^^^^^^^^^^
  File "C:\Users\Brangovich\AppData\Local\Programs\Python\Python311\Lib\site-packages\sklearn\metrics\_scorer.py", line 78, in _cached_call
    result = getattr(estimator, method)(*args, **kwargs)
             ^^^^^^^^^^^^^^^^^^^^^^^^^^
  File "C:\Users\Brangovich\AppData\Local\Programs\Python\Python311\Lib\site-packages\pycaret\internal\pipeline.py", line 127, in __getattr__
    return getattr(self._final_estimator, name)
           ^^^^^^^^^^^^^^^^^^^^^^^^^^^^^^^^^^^^
AttributeError: 'RidgeClassifier' object has no attribute 'predict_proba'

  warnings.warn(

2025-06-11 21:02:35,947:WARNING:C:\Users\Brangovich\AppData\Local\Programs\Python\Python311\Lib\site-packages\pycaret\internal\metrics.py:190: FitFailedWarning: Metric 'make_scorer(roc_auc_score, needs_proba=True, error_score=0.0, average=weighted, multi_class=ovr)' failed and error score 0.0 has been returned instead. If this is a custom metric, this usually means that the error is in the metric code. Full exception below:
Traceback (most recent call last):
  File "C:\Users\Brangovich\AppData\Local\Programs\Python\Python311\Lib\site-packages\sklearn\metrics\_scorer.py", line 76, in _cached_call
    return cache[method]
           ~~~~~^^^^^^^^
KeyError: 'predict_proba'

During handling of the above exception, another exception occurred:

Traceback (most recent call last):
  File "C:\Users\Brangovich\AppData\Local\Programs\Python\Python311\Lib\site-packages\pycaret\internal\metrics.py", line 182, in _score
    return super()._score(
           ^^^^^^^^^^^^^^^
  File "C:\Users\Brangovich\AppData\Local\Programs\Python\Python311\Lib\site-packages\sklearn\metrics\_scorer.py", line 316, in _score
    y_pred = method_caller(clf, "predict_proba", X)
             ^^^^^^^^^^^^^^^^^^^^^^^^^^^^^^^^^^^^^^
  File "C:\Users\Brangovich\AppData\Local\Programs\Python\Python311\Lib\site-packages\sklearn\metrics\_scorer.py", line 78, in _cached_call
    result = getattr(estimator, method)(*args, **kwargs)
             ^^^^^^^^^^^^^^^^^^^^^^^^^^
  File "C:\Users\Brangovich\AppData\Local\Programs\Python\Python311\Lib\site-packages\pycaret\internal\pipeline.py", line 127, in __getattr__
    return getattr(self._final_estimator, name)
           ^^^^^^^^^^^^^^^^^^^^^^^^^^^^^^^^^^^^
AttributeError: 'RidgeClassifier' object has no attribute 'predict_proba'

  warnings.warn(

2025-06-11 21:02:35,947:WARNING:C:\Users\Brangovich\AppData\Local\Programs\Python\Python311\Lib\site-packages\pycaret\internal\metrics.py:190: FitFailedWarning: Metric 'make_scorer(roc_auc_score, needs_proba=True, error_score=0.0, average=weighted, multi_class=ovr)' failed and error score 0.0 has been returned instead. If this is a custom metric, this usually means that the error is in the metric code. Full exception below:
Traceback (most recent call last):
  File "C:\Users\Brangovich\AppData\Local\Programs\Python\Python311\Lib\site-packages\sklearn\metrics\_scorer.py", line 76, in _cached_call
    return cache[method]
           ~~~~~^^^^^^^^
KeyError: 'predict_proba'

During handling of the above exception, another exception occurred:

Traceback (most recent call last):
  File "C:\Users\Brangovich\AppData\Local\Programs\Python\Python311\Lib\site-packages\pycaret\internal\metrics.py", line 182, in _score
    return super()._score(
           ^^^^^^^^^^^^^^^
  File "C:\Users\Brangovich\AppData\Local\Programs\Python\Python311\Lib\site-packages\sklearn\metrics\_scorer.py", line 316, in _score
    y_pred = method_caller(clf, "predict_proba", X)
             ^^^^^^^^^^^^^^^^^^^^^^^^^^^^^^^^^^^^^^
  File "C:\Users\Brangovich\AppData\Local\Programs\Python\Python311\Lib\site-packages\sklearn\metrics\_scorer.py", line 78, in _cached_call
    result = getattr(estimator, method)(*args, **kwargs)
             ^^^^^^^^^^^^^^^^^^^^^^^^^^
  File "C:\Users\Brangovich\AppData\Local\Programs\Python\Python311\Lib\site-packages\pycaret\internal\pipeline.py", line 127, in __getattr__
    return getattr(self._final_estimator, name)
           ^^^^^^^^^^^^^^^^^^^^^^^^^^^^^^^^^^^^
AttributeError: 'RidgeClassifier' object has no attribute 'predict_proba'

  warnings.warn(

2025-06-11 21:02:35,947:WARNING:C:\Users\Brangovich\AppData\Local\Programs\Python\Python311\Lib\site-packages\pycaret\internal\metrics.py:190: FitFailedWarning: Metric 'make_scorer(roc_auc_score, needs_proba=True, error_score=0.0, average=weighted, multi_class=ovr)' failed and error score 0.0 has been returned instead. If this is a custom metric, this usually means that the error is in the metric code. Full exception below:
Traceback (most recent call last):
  File "C:\Users\Brangovich\AppData\Local\Programs\Python\Python311\Lib\site-packages\sklearn\metrics\_scorer.py", line 76, in _cached_call
    return cache[method]
           ~~~~~^^^^^^^^
KeyError: 'predict_proba'

During handling of the above exception, another exception occurred:

Traceback (most recent call last):
  File "C:\Users\Brangovich\AppData\Local\Programs\Python\Python311\Lib\site-packages\pycaret\internal\metrics.py", line 182, in _score
    return super()._score(
           ^^^^^^^^^^^^^^^
  File "C:\Users\Brangovich\AppData\Local\Programs\Python\Python311\Lib\site-packages\sklearn\metrics\_scorer.py", line 316, in _score
    y_pred = method_caller(clf, "predict_proba", X)
             ^^^^^^^^^^^^^^^^^^^^^^^^^^^^^^^^^^^^^^
  File "C:\Users\Brangovich\AppData\Local\Programs\Python\Python311\Lib\site-packages\sklearn\metrics\_scorer.py", line 78, in _cached_call
    result = getattr(estimator, method)(*args, **kwargs)
             ^^^^^^^^^^^^^^^^^^^^^^^^^^
  File "C:\Users\Brangovich\AppData\Local\Programs\Python\Python311\Lib\site-packages\pycaret\internal\pipeline.py", line 127, in __getattr__
    return getattr(self._final_estimator, name)
           ^^^^^^^^^^^^^^^^^^^^^^^^^^^^^^^^^^^^
AttributeError: 'RidgeClassifier' object has no attribute 'predict_proba'

  warnings.warn(

2025-06-11 21:02:35,947:WARNING:C:\Users\Brangovich\AppData\Local\Programs\Python\Python311\Lib\site-packages\pycaret\internal\metrics.py:190: FitFailedWarning: Metric 'make_scorer(roc_auc_score, needs_proba=True, error_score=0.0, average=weighted, multi_class=ovr)' failed and error score 0.0 has been returned instead. If this is a custom metric, this usually means that the error is in the metric code. Full exception below:
Traceback (most recent call last):
  File "C:\Users\Brangovich\AppData\Local\Programs\Python\Python311\Lib\site-packages\sklearn\metrics\_scorer.py", line 76, in _cached_call
    return cache[method]
           ~~~~~^^^^^^^^
KeyError: 'predict_proba'

During handling of the above exception, another exception occurred:

Traceback (most recent call last):
  File "C:\Users\Brangovich\AppData\Local\Programs\Python\Python311\Lib\site-packages\pycaret\internal\metrics.py", line 182, in _score
    return super()._score(
           ^^^^^^^^^^^^^^^
  File "C:\Users\Brangovich\AppData\Local\Programs\Python\Python311\Lib\site-packages\sklearn\metrics\_scorer.py", line 316, in _score
    y_pred = method_caller(clf, "predict_proba", X)
             ^^^^^^^^^^^^^^^^^^^^^^^^^^^^^^^^^^^^^^
  File "C:\Users\Brangovich\AppData\Local\Programs\Python\Python311\Lib\site-packages\sklearn\metrics\_scorer.py", line 78, in _cached_call
    result = getattr(estimator, method)(*args, **kwargs)
             ^^^^^^^^^^^^^^^^^^^^^^^^^^
  File "C:\Users\Brangovich\AppData\Local\Programs\Python\Python311\Lib\site-packages\pycaret\internal\pipeline.py", line 127, in __getattr__
    return getattr(self._final_estimator, name)
           ^^^^^^^^^^^^^^^^^^^^^^^^^^^^^^^^^^^^
AttributeError: 'RidgeClassifier' object has no attribute 'predict_proba'

  warnings.warn(

2025-06-11 21:02:35,947:WARNING:C:\Users\Brangovich\AppData\Local\Programs\Python\Python311\Lib\site-packages\pycaret\internal\metrics.py:190: FitFailedWarning: Metric 'make_scorer(roc_auc_score, needs_proba=True, error_score=0.0, average=weighted, multi_class=ovr)' failed and error score 0.0 has been returned instead. If this is a custom metric, this usually means that the error is in the metric code. Full exception below:
Traceback (most recent call last):
  File "C:\Users\Brangovich\AppData\Local\Programs\Python\Python311\Lib\site-packages\sklearn\metrics\_scorer.py", line 76, in _cached_call
    return cache[method]
           ~~~~~^^^^^^^^
KeyError: 'predict_proba'

During handling of the above exception, another exception occurred:

Traceback (most recent call last):
  File "C:\Users\Brangovich\AppData\Local\Programs\Python\Python311\Lib\site-packages\pycaret\internal\metrics.py", line 182, in _score
    return super()._score(
           ^^^^^^^^^^^^^^^
  File "C:\Users\Brangovich\AppData\Local\Programs\Python\Python311\Lib\site-packages\sklearn\metrics\_scorer.py", line 316, in _score
    y_pred = method_caller(clf, "predict_proba", X)
             ^^^^^^^^^^^^^^^^^^^^^^^^^^^^^^^^^^^^^^
  File "C:\Users\Brangovich\AppData\Local\Programs\Python\Python311\Lib\site-packages\sklearn\metrics\_scorer.py", line 78, in _cached_call
    result = getattr(estimator, method)(*args, **kwargs)
             ^^^^^^^^^^^^^^^^^^^^^^^^^^
  File "C:\Users\Brangovich\AppData\Local\Programs\Python\Python311\Lib\site-packages\pycaret\internal\pipeline.py", line 127, in __getattr__
    return getattr(self._final_estimator, name)
           ^^^^^^^^^^^^^^^^^^^^^^^^^^^^^^^^^^^^
AttributeError: 'RidgeClassifier' object has no attribute 'predict_proba'

  warnings.warn(

2025-06-11 21:02:35,947:WARNING:C:\Users\Brangovich\AppData\Local\Programs\Python\Python311\Lib\site-packages\pycaret\internal\metrics.py:190: FitFailedWarning: Metric 'make_scorer(roc_auc_score, needs_proba=True, error_score=0.0, average=weighted, multi_class=ovr)' failed and error score 0.0 has been returned instead. If this is a custom metric, this usually means that the error is in the metric code. Full exception below:
Traceback (most recent call last):
  File "C:\Users\Brangovich\AppData\Local\Programs\Python\Python311\Lib\site-packages\sklearn\metrics\_scorer.py", line 76, in _cached_call
    return cache[method]
           ~~~~~^^^^^^^^
KeyError: 'predict_proba'

During handling of the above exception, another exception occurred:

Traceback (most recent call last):
  File "C:\Users\Brangovich\AppData\Local\Programs\Python\Python311\Lib\site-packages\pycaret\internal\metrics.py", line 182, in _score
    return super()._score(
           ^^^^^^^^^^^^^^^
  File "C:\Users\Brangovich\AppData\Local\Programs\Python\Python311\Lib\site-packages\sklearn\metrics\_scorer.py", line 316, in _score
    y_pred = method_caller(clf, "predict_proba", X)
             ^^^^^^^^^^^^^^^^^^^^^^^^^^^^^^^^^^^^^^
  File "C:\Users\Brangovich\AppData\Local\Programs\Python\Python311\Lib\site-packages\sklearn\metrics\_scorer.py", line 78, in _cached_call
    result = getattr(estimator, method)(*args, **kwargs)
             ^^^^^^^^^^^^^^^^^^^^^^^^^^
  File "C:\Users\Brangovich\AppData\Local\Programs\Python\Python311\Lib\site-packages\pycaret\internal\pipeline.py", line 127, in __getattr__
    return getattr(self._final_estimator, name)
           ^^^^^^^^^^^^^^^^^^^^^^^^^^^^^^^^^^^^
AttributeError: 'RidgeClassifier' object has no attribute 'predict_proba'

  warnings.warn(

2025-06-11 21:02:35,949:WARNING:C:\Users\Brangovich\AppData\Local\Programs\Python\Python311\Lib\site-packages\pycaret\internal\metrics.py:190: FitFailedWarning: Metric 'make_scorer(roc_auc_score, needs_proba=True, error_score=0.0, average=weighted, multi_class=ovr)' failed and error score 0.0 has been returned instead. If this is a custom metric, this usually means that the error is in the metric code. Full exception below:
Traceback (most recent call last):
  File "C:\Users\Brangovich\AppData\Local\Programs\Python\Python311\Lib\site-packages\sklearn\metrics\_scorer.py", line 76, in _cached_call
    return cache[method]
           ~~~~~^^^^^^^^
KeyError: 'predict_proba'

During handling of the above exception, another exception occurred:

Traceback (most recent call last):
  File "C:\Users\Brangovich\AppData\Local\Programs\Python\Python311\Lib\site-packages\pycaret\internal\metrics.py", line 182, in _score
    return super()._score(
           ^^^^^^^^^^^^^^^
  File "C:\Users\Brangovich\AppData\Local\Programs\Python\Python311\Lib\site-packages\sklearn\metrics\_scorer.py", line 316, in _score
    y_pred = method_caller(clf, "predict_proba", X)
             ^^^^^^^^^^^^^^^^^^^^^^^^^^^^^^^^^^^^^^
  File "C:\Users\Brangovich\AppData\Local\Programs\Python\Python311\Lib\site-packages\sklearn\metrics\_scorer.py", line 78, in _cached_call
    result = getattr(estimator, method)(*args, **kwargs)
             ^^^^^^^^^^^^^^^^^^^^^^^^^^
  File "C:\Users\Brangovich\AppData\Local\Programs\Python\Python311\Lib\site-packages\pycaret\internal\pipeline.py", line 127, in __getattr__
    return getattr(self._final_estimator, name)
           ^^^^^^^^^^^^^^^^^^^^^^^^^^^^^^^^^^^^
AttributeError: 'RidgeClassifier' object has no attribute 'predict_proba'

  warnings.warn(

2025-06-11 21:02:35,949:WARNING:C:\Users\Brangovich\AppData\Local\Programs\Python\Python311\Lib\site-packages\pycaret\internal\metrics.py:190: FitFailedWarning: Metric 'make_scorer(roc_auc_score, needs_proba=True, error_score=0.0, average=weighted, multi_class=ovr)' failed and error score 0.0 has been returned instead. If this is a custom metric, this usually means that the error is in the metric code. Full exception below:
Traceback (most recent call last):
  File "C:\Users\Brangovich\AppData\Local\Programs\Python\Python311\Lib\site-packages\sklearn\metrics\_scorer.py", line 76, in _cached_call
    return cache[method]
           ~~~~~^^^^^^^^
KeyError: 'predict_proba'

During handling of the above exception, another exception occurred:

Traceback (most recent call last):
  File "C:\Users\Brangovich\AppData\Local\Programs\Python\Python311\Lib\site-packages\pycaret\internal\metrics.py", line 182, in _score
    return super()._score(
           ^^^^^^^^^^^^^^^
  File "C:\Users\Brangovich\AppData\Local\Programs\Python\Python311\Lib\site-packages\sklearn\metrics\_scorer.py", line 316, in _score
    y_pred = method_caller(clf, "predict_proba", X)
             ^^^^^^^^^^^^^^^^^^^^^^^^^^^^^^^^^^^^^^
  File "C:\Users\Brangovich\AppData\Local\Programs\Python\Python311\Lib\site-packages\sklearn\metrics\_scorer.py", line 78, in _cached_call
    result = getattr(estimator, method)(*args, **kwargs)
             ^^^^^^^^^^^^^^^^^^^^^^^^^^
  File "C:\Users\Brangovich\AppData\Local\Programs\Python\Python311\Lib\site-packages\pycaret\internal\pipeline.py", line 127, in __getattr__
    return getattr(self._final_estimator, name)
           ^^^^^^^^^^^^^^^^^^^^^^^^^^^^^^^^^^^^
AttributeError: 'RidgeClassifier' object has no attribute 'predict_proba'

  warnings.warn(

2025-06-11 21:02:35,949:WARNING:C:\Users\Brangovich\AppData\Local\Programs\Python\Python311\Lib\site-packages\pycaret\internal\metrics.py:190: FitFailedWarning: Metric 'make_scorer(roc_auc_score, needs_proba=True, error_score=0.0, average=weighted, multi_class=ovr)' failed and error score 0.0 has been returned instead. If this is a custom metric, this usually means that the error is in the metric code. Full exception below:
Traceback (most recent call last):
  File "C:\Users\Brangovich\AppData\Local\Programs\Python\Python311\Lib\site-packages\sklearn\metrics\_scorer.py", line 76, in _cached_call
    return cache[method]
           ~~~~~^^^^^^^^
KeyError: 'predict_proba'

During handling of the above exception, another exception occurred:

Traceback (most recent call last):
  File "C:\Users\Brangovich\AppData\Local\Programs\Python\Python311\Lib\site-packages\pycaret\internal\metrics.py", line 182, in _score
    return super()._score(
           ^^^^^^^^^^^^^^^
  File "C:\Users\Brangovich\AppData\Local\Programs\Python\Python311\Lib\site-packages\sklearn\metrics\_scorer.py", line 316, in _score
    y_pred = method_caller(clf, "predict_proba", X)
             ^^^^^^^^^^^^^^^^^^^^^^^^^^^^^^^^^^^^^^
  File "C:\Users\Brangovich\AppData\Local\Programs\Python\Python311\Lib\site-packages\sklearn\metrics\_scorer.py", line 78, in _cached_call
    result = getattr(estimator, method)(*args, **kwargs)
             ^^^^^^^^^^^^^^^^^^^^^^^^^^
  File "C:\Users\Brangovich\AppData\Local\Programs\Python\Python311\Lib\site-packages\pycaret\internal\pipeline.py", line 127, in __getattr__
    return getattr(self._final_estimator, name)
           ^^^^^^^^^^^^^^^^^^^^^^^^^^^^^^^^^^^^
AttributeError: 'RidgeClassifier' object has no attribute 'predict_proba'

  warnings.warn(

2025-06-11 21:02:35,958:INFO:Calculating mean and std
2025-06-11 21:02:35,958:INFO:Creating metrics dataframe
2025-06-11 21:02:35,959:INFO:Uploading results into container
2025-06-11 21:02:35,960:INFO:Uploading model into container now
2025-06-11 21:02:35,960:INFO:_master_model_container: 6
2025-06-11 21:02:35,960:INFO:_display_container: 2
2025-06-11 21:02:35,960:INFO:RidgeClassifier(alpha=1.0, class_weight=None, copy_X=True, fit_intercept=True,
                max_iter=None, positive=False, random_state=606, solver='auto',
                tol=0.0001)
2025-06-11 21:02:35,960:INFO:create_model() successfully completed......................................
2025-06-11 21:02:36,008:INFO:SubProcess create_model() end ==================================
2025-06-11 21:02:36,009:INFO:Creating metrics dataframe
2025-06-11 21:02:36,011:INFO:Initializing Random Forest Classifier
2025-06-11 21:02:36,011:INFO:Total runtime is 0.10271905263264974 minutes
2025-06-11 21:02:36,011:INFO:SubProcess create_model() called ==================================
2025-06-11 21:02:36,011:INFO:Initializing create_model()
2025-06-11 21:02:36,011:INFO:create_model(self=<pycaret.classification.oop.ClassificationExperiment object at 0x0000020BEA4156D0>, estimator=rf, fold=StratifiedKFold(n_splits=10, random_state=None, shuffle=False), round=4, cross_validation=True, predict=True, fit_kwargs={}, groups=None, refit=False, probability_threshold=None, experiment_custom_tags=None, verbose=False, system=False, add_to_model_list=True, metrics=None, display=<pycaret.internal.display.display.CommonDisplay object at 0x0000020BECC42010>, model_only=True, return_train_score=False, error_score=0.0, kwargs={})
2025-06-11 21:02:36,011:INFO:Checking exceptions
2025-06-11 21:02:36,011:INFO:Importing libraries
2025-06-11 21:02:36,011:INFO:Copying training dataset
2025-06-11 21:02:36,012:INFO:Defining folds
2025-06-11 21:02:36,012:INFO:Declaring metric variables
2025-06-11 21:02:36,012:INFO:Importing untrained model
2025-06-11 21:02:36,012:INFO:Random Forest Classifier Imported successfully
2025-06-11 21:02:36,012:INFO:Starting cross validation
2025-06-11 21:02:36,013:INFO:Cross validating with StratifiedKFold(n_splits=10, random_state=None, shuffle=False), n_jobs=-1
2025-06-11 21:02:36,193:INFO:Calculating mean and std
2025-06-11 21:02:36,193:INFO:Creating metrics dataframe
2025-06-11 21:02:36,195:INFO:Uploading results into container
2025-06-11 21:02:36,195:INFO:Uploading model into container now
2025-06-11 21:02:36,195:INFO:_master_model_container: 7
2025-06-11 21:02:36,195:INFO:_display_container: 2
2025-06-11 21:02:36,195:INFO:RandomForestClassifier(bootstrap=True, ccp_alpha=0.0, class_weight=None,
                       criterion='gini', max_depth=None, max_features='sqrt',
                       max_leaf_nodes=None, max_samples=None,
                       min_impurity_decrease=0.0, min_samples_leaf=1,
                       min_samples_split=2, min_weight_fraction_leaf=0.0,
                       n_estimators=100, n_jobs=-1, oob_score=False,
                       random_state=606, verbose=0, warm_start=False)
2025-06-11 21:02:36,195:INFO:create_model() successfully completed......................................
2025-06-11 21:02:36,275:INFO:SubProcess create_model() end ==================================
2025-06-11 21:02:36,275:INFO:Creating metrics dataframe
2025-06-11 21:02:36,277:INFO:Initializing Quadratic Discriminant Analysis
2025-06-11 21:02:36,277:INFO:Total runtime is 0.10715205669403076 minutes
2025-06-11 21:02:36,277:INFO:SubProcess create_model() called ==================================
2025-06-11 21:02:36,277:INFO:Initializing create_model()
2025-06-11 21:02:36,277:INFO:create_model(self=<pycaret.classification.oop.ClassificationExperiment object at 0x0000020BEA4156D0>, estimator=qda, fold=StratifiedKFold(n_splits=10, random_state=None, shuffle=False), round=4, cross_validation=True, predict=True, fit_kwargs={}, groups=None, refit=False, probability_threshold=None, experiment_custom_tags=None, verbose=False, system=False, add_to_model_list=True, metrics=None, display=<pycaret.internal.display.display.CommonDisplay object at 0x0000020BECC42010>, model_only=True, return_train_score=False, error_score=0.0, kwargs={})
2025-06-11 21:02:36,277:INFO:Checking exceptions
2025-06-11 21:02:36,277:INFO:Importing libraries
2025-06-11 21:02:36,277:INFO:Copying training dataset
2025-06-11 21:02:36,278:INFO:Defining folds
2025-06-11 21:02:36,278:INFO:Declaring metric variables
2025-06-11 21:02:36,278:INFO:Importing untrained model
2025-06-11 21:02:36,278:INFO:Quadratic Discriminant Analysis Imported successfully
2025-06-11 21:02:36,278:INFO:Starting cross validation
2025-06-11 21:02:36,279:INFO:Cross validating with StratifiedKFold(n_splits=10, random_state=None, shuffle=False), n_jobs=-1
2025-06-11 21:02:36,295:WARNING:C:\Users\Brangovich\AppData\Local\Programs\Python\Python311\Lib\site-packages\sklearn\discriminant_analysis.py:926: UserWarning: Variables are collinear
  warnings.warn("Variables are collinear")

2025-06-11 21:02:36,295:WARNING:C:\Users\Brangovich\AppData\Local\Programs\Python\Python311\Lib\site-packages\sklearn\discriminant_analysis.py:926: UserWarning: Variables are collinear
  warnings.warn("Variables are collinear")

2025-06-11 21:02:36,297:WARNING:C:\Users\Brangovich\AppData\Local\Programs\Python\Python311\Lib\site-packages\sklearn\discriminant_analysis.py:926: UserWarning: Variables are collinear
  warnings.warn("Variables are collinear")

2025-06-11 21:02:36,297:WARNING:C:\Users\Brangovich\AppData\Local\Programs\Python\Python311\Lib\site-packages\sklearn\discriminant_analysis.py:926: UserWarning: Variables are collinear
  warnings.warn("Variables are collinear")

2025-06-11 21:02:36,298:WARNING:C:\Users\Brangovich\AppData\Local\Programs\Python\Python311\Lib\site-packages\sklearn\discriminant_analysis.py:926: UserWarning: Variables are collinear
  warnings.warn("Variables are collinear")

2025-06-11 21:02:36,298:WARNING:C:\Users\Brangovich\AppData\Local\Programs\Python\Python311\Lib\site-packages\sklearn\discriminant_analysis.py:926: UserWarning: Variables are collinear
  warnings.warn("Variables are collinear")

2025-06-11 21:02:36,298:WARNING:C:\Users\Brangovich\AppData\Local\Programs\Python\Python311\Lib\site-packages\sklearn\discriminant_analysis.py:926: UserWarning: Variables are collinear
  warnings.warn("Variables are collinear")

2025-06-11 21:02:36,299:WARNING:C:\Users\Brangovich\AppData\Local\Programs\Python\Python311\Lib\site-packages\sklearn\discriminant_analysis.py:926: UserWarning: Variables are collinear
  warnings.warn("Variables are collinear")

2025-06-11 21:02:36,300:WARNING:C:\Users\Brangovich\AppData\Local\Programs\Python\Python311\Lib\site-packages\sklearn\discriminant_analysis.py:926: UserWarning: Variables are collinear
  warnings.warn("Variables are collinear")

2025-06-11 21:02:36,301:WARNING:C:\Users\Brangovich\AppData\Local\Programs\Python\Python311\Lib\site-packages\sklearn\discriminant_analysis.py:926: UserWarning: Variables are collinear
  warnings.warn("Variables are collinear")

2025-06-11 21:02:36,324:INFO:Calculating mean and std
2025-06-11 21:02:36,324:INFO:Creating metrics dataframe
2025-06-11 21:02:36,325:INFO:Uploading results into container
2025-06-11 21:02:36,326:INFO:Uploading model into container now
2025-06-11 21:02:36,326:INFO:_master_model_container: 8
2025-06-11 21:02:36,326:INFO:_display_container: 2
2025-06-11 21:02:36,326:INFO:QuadraticDiscriminantAnalysis(priors=None, reg_param=0.0,
                              store_covariance=False, tol=0.0001)
2025-06-11 21:02:36,326:INFO:create_model() successfully completed......................................
2025-06-11 21:02:36,397:INFO:SubProcess create_model() end ==================================
2025-06-11 21:02:36,397:INFO:Creating metrics dataframe
2025-06-11 21:02:36,398:INFO:Initializing Ada Boost Classifier
2025-06-11 21:02:36,398:INFO:Total runtime is 0.10917264223098755 minutes
2025-06-11 21:02:36,398:INFO:SubProcess create_model() called ==================================
2025-06-11 21:02:36,398:INFO:Initializing create_model()
2025-06-11 21:02:36,398:INFO:create_model(self=<pycaret.classification.oop.ClassificationExperiment object at 0x0000020BEA4156D0>, estimator=ada, fold=StratifiedKFold(n_splits=10, random_state=None, shuffle=False), round=4, cross_validation=True, predict=True, fit_kwargs={}, groups=None, refit=False, probability_threshold=None, experiment_custom_tags=None, verbose=False, system=False, add_to_model_list=True, metrics=None, display=<pycaret.internal.display.display.CommonDisplay object at 0x0000020BECC42010>, model_only=True, return_train_score=False, error_score=0.0, kwargs={})
2025-06-11 21:02:36,398:INFO:Checking exceptions
2025-06-11 21:02:36,399:INFO:Importing libraries
2025-06-11 21:02:36,399:INFO:Copying training dataset
2025-06-11 21:02:36,399:INFO:Defining folds
2025-06-11 21:02:36,400:INFO:Declaring metric variables
2025-06-11 21:02:36,400:INFO:Importing untrained model
2025-06-11 21:02:36,400:INFO:Ada Boost Classifier Imported successfully
2025-06-11 21:02:36,400:INFO:Starting cross validation
2025-06-11 21:02:36,400:INFO:Cross validating with StratifiedKFold(n_splits=10, random_state=None, shuffle=False), n_jobs=-1
2025-06-11 21:02:36,467:INFO:Calculating mean and std
2025-06-11 21:02:36,467:INFO:Creating metrics dataframe
2025-06-11 21:02:36,468:INFO:Uploading results into container
2025-06-11 21:02:36,468:INFO:Uploading model into container now
2025-06-11 21:02:36,469:INFO:_master_model_container: 9
2025-06-11 21:02:36,469:INFO:_display_container: 2
2025-06-11 21:02:36,469:INFO:AdaBoostClassifier(algorithm='SAMME.R', base_estimator='deprecated',
                   estimator=None, learning_rate=1.0, n_estimators=50,
                   random_state=606)
2025-06-11 21:02:36,469:INFO:create_model() successfully completed......................................
2025-06-11 21:02:36,542:INFO:SubProcess create_model() end ==================================
2025-06-11 21:02:36,542:INFO:Creating metrics dataframe
2025-06-11 21:02:36,544:INFO:Initializing Gradient Boosting Classifier
2025-06-11 21:02:36,544:INFO:Total runtime is 0.11160270770390829 minutes
2025-06-11 21:02:36,544:INFO:SubProcess create_model() called ==================================
2025-06-11 21:02:36,544:INFO:Initializing create_model()
2025-06-11 21:02:36,544:INFO:create_model(self=<pycaret.classification.oop.ClassificationExperiment object at 0x0000020BEA4156D0>, estimator=gbc, fold=StratifiedKFold(n_splits=10, random_state=None, shuffle=False), round=4, cross_validation=True, predict=True, fit_kwargs={}, groups=None, refit=False, probability_threshold=None, experiment_custom_tags=None, verbose=False, system=False, add_to_model_list=True, metrics=None, display=<pycaret.internal.display.display.CommonDisplay object at 0x0000020BECC42010>, model_only=True, return_train_score=False, error_score=0.0, kwargs={})
2025-06-11 21:02:36,544:INFO:Checking exceptions
2025-06-11 21:02:36,544:INFO:Importing libraries
2025-06-11 21:02:36,544:INFO:Copying training dataset
2025-06-11 21:02:36,545:INFO:Defining folds
2025-06-11 21:02:36,545:INFO:Declaring metric variables
2025-06-11 21:02:36,545:INFO:Importing untrained model
2025-06-11 21:02:36,545:INFO:Gradient Boosting Classifier Imported successfully
2025-06-11 21:02:36,546:INFO:Starting cross validation
2025-06-11 21:02:36,546:INFO:Cross validating with StratifiedKFold(n_splits=10, random_state=None, shuffle=False), n_jobs=-1
2025-06-11 21:02:36,632:INFO:Calculating mean and std
2025-06-11 21:02:36,633:INFO:Creating metrics dataframe
2025-06-11 21:02:36,634:INFO:Uploading results into container
2025-06-11 21:02:36,634:INFO:Uploading model into container now
2025-06-11 21:02:36,634:INFO:_master_model_container: 10
2025-06-11 21:02:36,634:INFO:_display_container: 2
2025-06-11 21:02:36,634:INFO:GradientBoostingClassifier(ccp_alpha=0.0, criterion='friedman_mse', init=None,
                           learning_rate=0.1, loss='log_loss', max_depth=3,
                           max_features=None, max_leaf_nodes=None,
                           min_impurity_decrease=0.0, min_samples_leaf=1,
                           min_samples_split=2, min_weight_fraction_leaf=0.0,
                           n_estimators=100, n_iter_no_change=None,
                           random_state=606, subsample=1.0, tol=0.0001,
                           validation_fraction=0.1, verbose=0,
                           warm_start=False)
2025-06-11 21:02:36,634:INFO:create_model() successfully completed......................................
2025-06-11 21:02:36,710:INFO:SubProcess create_model() end ==================================
2025-06-11 21:02:36,710:INFO:Creating metrics dataframe
2025-06-11 21:02:36,712:INFO:Initializing Linear Discriminant Analysis
2025-06-11 21:02:36,712:INFO:Total runtime is 0.11439896027247111 minutes
2025-06-11 21:02:36,712:INFO:SubProcess create_model() called ==================================
2025-06-11 21:02:36,713:INFO:Initializing create_model()
2025-06-11 21:02:36,713:INFO:create_model(self=<pycaret.classification.oop.ClassificationExperiment object at 0x0000020BEA4156D0>, estimator=lda, fold=StratifiedKFold(n_splits=10, random_state=None, shuffle=False), round=4, cross_validation=True, predict=True, fit_kwargs={}, groups=None, refit=False, probability_threshold=None, experiment_custom_tags=None, verbose=False, system=False, add_to_model_list=True, metrics=None, display=<pycaret.internal.display.display.CommonDisplay object at 0x0000020BECC42010>, model_only=True, return_train_score=False, error_score=0.0, kwargs={})
2025-06-11 21:02:36,713:INFO:Checking exceptions
2025-06-11 21:02:36,713:INFO:Importing libraries
2025-06-11 21:02:36,713:INFO:Copying training dataset
2025-06-11 21:02:36,714:INFO:Defining folds
2025-06-11 21:02:36,714:INFO:Declaring metric variables
2025-06-11 21:02:36,714:INFO:Importing untrained model
2025-06-11 21:02:36,714:INFO:Linear Discriminant Analysis Imported successfully
2025-06-11 21:02:36,714:INFO:Starting cross validation
2025-06-11 21:02:36,714:INFO:Cross validating with StratifiedKFold(n_splits=10, random_state=None, shuffle=False), n_jobs=-1
2025-06-11 21:02:36,749:INFO:Calculating mean and std
2025-06-11 21:02:36,749:INFO:Creating metrics dataframe
2025-06-11 21:02:36,750:INFO:Uploading results into container
2025-06-11 21:02:36,750:INFO:Uploading model into container now
2025-06-11 21:02:36,750:INFO:_master_model_container: 11
2025-06-11 21:02:36,750:INFO:_display_container: 2
2025-06-11 21:02:36,750:INFO:LinearDiscriminantAnalysis(covariance_estimator=None, n_components=None,
                           priors=None, shrinkage=None, solver='svd',
                           store_covariance=False, tol=0.0001)
2025-06-11 21:02:36,750:INFO:create_model() successfully completed......................................
2025-06-11 21:02:36,827:INFO:SubProcess create_model() end ==================================
2025-06-11 21:02:36,827:INFO:Creating metrics dataframe
2025-06-11 21:02:36,829:INFO:Initializing Extra Trees Classifier
2025-06-11 21:02:36,829:INFO:Total runtime is 0.11635764837265014 minutes
2025-06-11 21:02:36,829:INFO:SubProcess create_model() called ==================================
2025-06-11 21:02:36,829:INFO:Initializing create_model()
2025-06-11 21:02:36,829:INFO:create_model(self=<pycaret.classification.oop.ClassificationExperiment object at 0x0000020BEA4156D0>, estimator=et, fold=StratifiedKFold(n_splits=10, random_state=None, shuffle=False), round=4, cross_validation=True, predict=True, fit_kwargs={}, groups=None, refit=False, probability_threshold=None, experiment_custom_tags=None, verbose=False, system=False, add_to_model_list=True, metrics=None, display=<pycaret.internal.display.display.CommonDisplay object at 0x0000020BECC42010>, model_only=True, return_train_score=False, error_score=0.0, kwargs={})
2025-06-11 21:02:36,830:INFO:Checking exceptions
2025-06-11 21:02:36,830:INFO:Importing libraries
2025-06-11 21:02:36,830:INFO:Copying training dataset
2025-06-11 21:02:36,830:INFO:Defining folds
2025-06-11 21:02:36,830:INFO:Declaring metric variables
2025-06-11 21:02:36,830:INFO:Importing untrained model
2025-06-11 21:02:36,830:INFO:Extra Trees Classifier Imported successfully
2025-06-11 21:02:36,830:INFO:Starting cross validation
2025-06-11 21:02:36,832:INFO:Cross validating with StratifiedKFold(n_splits=10, random_state=None, shuffle=False), n_jobs=-1
2025-06-11 21:02:36,987:INFO:Calculating mean and std
2025-06-11 21:02:36,987:INFO:Creating metrics dataframe
2025-06-11 21:02:36,989:INFO:Uploading results into container
2025-06-11 21:02:36,989:INFO:Uploading model into container now
2025-06-11 21:02:36,989:INFO:_master_model_container: 12
2025-06-11 21:02:36,989:INFO:_display_container: 2
2025-06-11 21:02:36,989:INFO:ExtraTreesClassifier(bootstrap=False, ccp_alpha=0.0, class_weight=None,
                     criterion='gini', max_depth=None, max_features='sqrt',
                     max_leaf_nodes=None, max_samples=None,
                     min_impurity_decrease=0.0, min_samples_leaf=1,
                     min_samples_split=2, min_weight_fraction_leaf=0.0,
                     n_estimators=100, n_jobs=-1, oob_score=False,
                     random_state=606, verbose=0, warm_start=False)
2025-06-11 21:02:36,989:INFO:create_model() successfully completed......................................
2025-06-11 21:02:37,063:INFO:SubProcess create_model() end ==================================
2025-06-11 21:02:37,063:INFO:Creating metrics dataframe
2025-06-11 21:02:37,065:INFO:Initializing Light Gradient Boosting Machine
2025-06-11 21:02:37,065:INFO:Total runtime is 0.12029590606689453 minutes
2025-06-11 21:02:37,065:INFO:SubProcess create_model() called ==================================
2025-06-11 21:02:37,065:INFO:Initializing create_model()
2025-06-11 21:02:37,065:INFO:create_model(self=<pycaret.classification.oop.ClassificationExperiment object at 0x0000020BEA4156D0>, estimator=lightgbm, fold=StratifiedKFold(n_splits=10, random_state=None, shuffle=False), round=4, cross_validation=True, predict=True, fit_kwargs={}, groups=None, refit=False, probability_threshold=None, experiment_custom_tags=None, verbose=False, system=False, add_to_model_list=True, metrics=None, display=<pycaret.internal.display.display.CommonDisplay object at 0x0000020BECC42010>, model_only=True, return_train_score=False, error_score=0.0, kwargs={})
2025-06-11 21:02:37,065:INFO:Checking exceptions
2025-06-11 21:02:37,065:INFO:Importing libraries
2025-06-11 21:02:37,065:INFO:Copying training dataset
2025-06-11 21:02:37,067:INFO:Defining folds
2025-06-11 21:02:37,067:INFO:Declaring metric variables
2025-06-11 21:02:37,067:INFO:Importing untrained model
2025-06-11 21:02:37,067:INFO:Light Gradient Boosting Machine Imported successfully
2025-06-11 21:02:37,067:INFO:Starting cross validation
2025-06-11 21:02:37,068:INFO:Cross validating with StratifiedKFold(n_splits=10, random_state=None, shuffle=False), n_jobs=-1
2025-06-11 21:02:37,428:INFO:Calculating mean and std
2025-06-11 21:02:37,428:INFO:Creating metrics dataframe
2025-06-11 21:02:37,430:INFO:Uploading results into container
2025-06-11 21:02:37,430:INFO:Uploading model into container now
2025-06-11 21:02:37,431:INFO:_master_model_container: 13
2025-06-11 21:02:37,431:INFO:_display_container: 2
2025-06-11 21:02:37,431:INFO:LGBMClassifier(boosting_type='gbdt', class_weight=None, colsample_bytree=1.0,
               importance_type='split', learning_rate=0.1, max_depth=-1,
               min_child_samples=20, min_child_weight=0.001, min_split_gain=0.0,
               n_estimators=100, n_jobs=-1, num_leaves=31, objective=None,
               random_state=606, reg_alpha=0.0, reg_lambda=0.0, subsample=1.0,
               subsample_for_bin=200000, subsample_freq=0)
2025-06-11 21:02:37,431:INFO:create_model() successfully completed......................................
2025-06-11 21:02:37,497:INFO:SubProcess create_model() end ==================================
2025-06-11 21:02:37,497:INFO:Creating metrics dataframe
2025-06-11 21:02:37,499:INFO:Initializing Dummy Classifier
2025-06-11 21:02:37,499:INFO:Total runtime is 0.12752535343170165 minutes
2025-06-11 21:02:37,499:INFO:SubProcess create_model() called ==================================
2025-06-11 21:02:37,499:INFO:Initializing create_model()
2025-06-11 21:02:37,499:INFO:create_model(self=<pycaret.classification.oop.ClassificationExperiment object at 0x0000020BEA4156D0>, estimator=dummy, fold=StratifiedKFold(n_splits=10, random_state=None, shuffle=False), round=4, cross_validation=True, predict=True, fit_kwargs={}, groups=None, refit=False, probability_threshold=None, experiment_custom_tags=None, verbose=False, system=False, add_to_model_list=True, metrics=None, display=<pycaret.internal.display.display.CommonDisplay object at 0x0000020BECC42010>, model_only=True, return_train_score=False, error_score=0.0, kwargs={})
2025-06-11 21:02:37,499:INFO:Checking exceptions
2025-06-11 21:02:37,499:INFO:Importing libraries
2025-06-11 21:02:37,499:INFO:Copying training dataset
2025-06-11 21:02:37,501:INFO:Defining folds
2025-06-11 21:02:37,501:INFO:Declaring metric variables
2025-06-11 21:02:37,501:INFO:Importing untrained model
2025-06-11 21:02:37,502:INFO:Dummy Classifier Imported successfully
2025-06-11 21:02:37,502:INFO:Starting cross validation
2025-06-11 21:02:37,502:INFO:Cross validating with StratifiedKFold(n_splits=10, random_state=None, shuffle=False), n_jobs=-1
2025-06-11 21:02:37,529:WARNING:C:\Users\Brangovich\AppData\Local\Programs\Python\Python311\Lib\site-packages\sklearn\metrics\_classification.py:1344: UndefinedMetricWarning: Precision is ill-defined and being set to 0.0 due to no predicted samples. Use `zero_division` parameter to control this behavior.
  _warn_prf(average, modifier, msg_start, len(result))

2025-06-11 21:02:37,529:WARNING:C:\Users\Brangovich\AppData\Local\Programs\Python\Python311\Lib\site-packages\sklearn\metrics\_classification.py:1344: UndefinedMetricWarning: Precision is ill-defined and being set to 0.0 due to no predicted samples. Use `zero_division` parameter to control this behavior.
  _warn_prf(average, modifier, msg_start, len(result))

2025-06-11 21:02:37,530:WARNING:C:\Users\Brangovich\AppData\Local\Programs\Python\Python311\Lib\site-packages\sklearn\metrics\_classification.py:1344: UndefinedMetricWarning: Precision is ill-defined and being set to 0.0 due to no predicted samples. Use `zero_division` parameter to control this behavior.
  _warn_prf(average, modifier, msg_start, len(result))

2025-06-11 21:02:37,532:WARNING:C:\Users\Brangovich\AppData\Local\Programs\Python\Python311\Lib\site-packages\sklearn\metrics\_classification.py:1344: UndefinedMetricWarning: Precision is ill-defined and being set to 0.0 due to no predicted samples. Use `zero_division` parameter to control this behavior.
  _warn_prf(average, modifier, msg_start, len(result))

2025-06-11 21:02:37,532:WARNING:C:\Users\Brangovich\AppData\Local\Programs\Python\Python311\Lib\site-packages\sklearn\metrics\_classification.py:1344: UndefinedMetricWarning: Precision is ill-defined and being set to 0.0 due to no predicted samples. Use `zero_division` parameter to control this behavior.
  _warn_prf(average, modifier, msg_start, len(result))

2025-06-11 21:02:37,532:WARNING:C:\Users\Brangovich\AppData\Local\Programs\Python\Python311\Lib\site-packages\sklearn\metrics\_classification.py:1344: UndefinedMetricWarning: Precision is ill-defined and being set to 0.0 due to no predicted samples. Use `zero_division` parameter to control this behavior.
  _warn_prf(average, modifier, msg_start, len(result))

2025-06-11 21:02:37,532:WARNING:C:\Users\Brangovich\AppData\Local\Programs\Python\Python311\Lib\site-packages\sklearn\metrics\_classification.py:1344: UndefinedMetricWarning: Precision is ill-defined and being set to 0.0 due to no predicted samples. Use `zero_division` parameter to control this behavior.
  _warn_prf(average, modifier, msg_start, len(result))

2025-06-11 21:02:37,533:WARNING:C:\Users\Brangovich\AppData\Local\Programs\Python\Python311\Lib\site-packages\sklearn\metrics\_classification.py:1344: UndefinedMetricWarning: Precision is ill-defined and being set to 0.0 due to no predicted samples. Use `zero_division` parameter to control this behavior.
  _warn_prf(average, modifier, msg_start, len(result))

2025-06-11 21:02:37,535:WARNING:C:\Users\Brangovich\AppData\Local\Programs\Python\Python311\Lib\site-packages\sklearn\metrics\_classification.py:1344: UndefinedMetricWarning: Precision is ill-defined and being set to 0.0 due to no predicted samples. Use `zero_division` parameter to control this behavior.
  _warn_prf(average, modifier, msg_start, len(result))

2025-06-11 21:02:37,536:WARNING:C:\Users\Brangovich\AppData\Local\Programs\Python\Python311\Lib\site-packages\sklearn\metrics\_classification.py:1344: UndefinedMetricWarning: Precision is ill-defined and being set to 0.0 due to no predicted samples. Use `zero_division` parameter to control this behavior.
  _warn_prf(average, modifier, msg_start, len(result))

2025-06-11 21:02:37,539:INFO:Calculating mean and std
2025-06-11 21:02:37,539:INFO:Creating metrics dataframe
2025-06-11 21:02:37,540:INFO:Uploading results into container
2025-06-11 21:02:37,540:INFO:Uploading model into container now
2025-06-11 21:02:37,540:INFO:_master_model_container: 14
2025-06-11 21:02:37,540:INFO:_display_container: 2
2025-06-11 21:02:37,540:INFO:DummyClassifier(constant=None, random_state=606, strategy='prior')
2025-06-11 21:02:37,540:INFO:create_model() successfully completed......................................
2025-06-11 21:02:37,614:INFO:SubProcess create_model() end ==================================
2025-06-11 21:02:37,614:INFO:Creating metrics dataframe
2025-06-11 21:02:37,617:INFO:Initializing create_model()
2025-06-11 21:02:37,617:INFO:create_model(self=<pycaret.classification.oop.ClassificationExperiment object at 0x0000020BEA4156D0>, estimator=AdaBoostClassifier(algorithm='SAMME.R', base_estimator='deprecated',
                   estimator=None, learning_rate=1.0, n_estimators=50,
                   random_state=606), fold=StratifiedKFold(n_splits=10, random_state=None, shuffle=False), round=4, cross_validation=False, predict=False, fit_kwargs={}, groups=None, refit=True, probability_threshold=None, experiment_custom_tags=None, verbose=False, system=False, add_to_model_list=True, metrics=None, display=None, model_only=True, return_train_score=False, error_score=0.0, kwargs={})
2025-06-11 21:02:37,617:INFO:Checking exceptions
2025-06-11 21:02:37,617:INFO:Importing libraries
2025-06-11 21:02:37,617:INFO:Copying training dataset
2025-06-11 21:02:37,618:INFO:Defining folds
2025-06-11 21:02:37,618:INFO:Declaring metric variables
2025-06-11 21:02:37,618:INFO:Importing untrained model
2025-06-11 21:02:37,618:INFO:Declaring custom model
2025-06-11 21:02:37,618:INFO:Ada Boost Classifier Imported successfully
2025-06-11 21:02:37,618:INFO:Cross validation set to False
2025-06-11 21:02:37,618:INFO:Fitting Model
2025-06-11 21:02:37,657:INFO:AdaBoostClassifier(algorithm='SAMME.R', base_estimator='deprecated',
                   estimator=None, learning_rate=1.0, n_estimators=50,
                   random_state=606)
2025-06-11 21:02:37,657:INFO:create_model() successfully completed......................................
2025-06-11 21:02:37,731:INFO:Creating Dashboard logs
2025-06-11 21:02:37,731:INFO:Model: Ada Boost Classifier
2025-06-11 21:02:37,757:INFO:Logged params: {'algorithm': 'SAMME.R', 'base_estimator': 'deprecated', 'estimator': None, 'learning_rate': 1.0, 'n_estimators': 50, 'random_state': 606}
2025-06-11 21:02:37,843:INFO:Initializing predict_model()
2025-06-11 21:02:37,843:INFO:predict_model(self=<pycaret.classification.oop.ClassificationExperiment object at 0x0000020BEA4156D0>, estimator=AdaBoostClassifier(algorithm='SAMME.R', base_estimator='deprecated',
                   estimator=None, learning_rate=1.0, n_estimators=50,
                   random_state=606), probability_threshold=None, encoded_labels=False, raw_score=False, round=4, verbose=False, ml_usecase=None, preprocess=True, encode_labels=<function _SupervisedExperiment.predict_model.<locals>.encode_labels at 0x0000020BECFF5620>)
2025-06-11 21:02:37,843:INFO:Checking exceptions
2025-06-11 21:02:37,843:INFO:Preloading libraries
2025-06-11 21:02:37,951:WARNING:C:\Users\Brangovich\AppData\Local\Programs\Python\Python311\Lib\site-packages\_distutils_hack\__init__.py:33: UserWarning: Setuptools is replacing distutils.
  warnings.warn("Setuptools is replacing distutils.")

2025-06-11 21:02:38,063:INFO:Creating Dashboard logs
2025-06-11 21:02:38,063:INFO:Model: Decision Tree Classifier
2025-06-11 21:02:38,087:INFO:Logged params: {'ccp_alpha': 0.0, 'class_weight': None, 'criterion': 'gini', 'max_depth': None, 'max_features': None, 'max_leaf_nodes': None, 'min_impurity_decrease': 0.0, 'min_samples_leaf': 1, 'min_samples_split': 2, 'min_weight_fraction_leaf': 0.0, 'random_state': 606, 'splitter': 'best'}
2025-06-11 21:02:38,293:INFO:Creating Dashboard logs
2025-06-11 21:02:38,294:INFO:Model: Gradient Boosting Classifier
2025-06-11 21:02:38,318:INFO:Logged params: {'ccp_alpha': 0.0, 'criterion': 'friedman_mse', 'init': None, 'learning_rate': 0.1, 'loss': 'log_loss', 'max_depth': 3, 'max_features': None, 'max_leaf_nodes': None, 'min_impurity_decrease': 0.0, 'min_samples_leaf': 1, 'min_samples_split': 2, 'min_weight_fraction_leaf': 0.0, 'n_estimators': 100, 'n_iter_no_change': None, 'random_state': 606, 'subsample': 1.0, 'tol': 0.0001, 'validation_fraction': 0.1, 'verbose': 0, 'warm_start': False}
2025-06-11 21:02:38,509:INFO:Creating Dashboard logs
2025-06-11 21:02:38,510:INFO:Model: Light Gradient Boosting Machine
2025-06-11 21:02:38,534:INFO:Logged params: {'boosting_type': 'gbdt', 'class_weight': None, 'colsample_bytree': 1.0, 'importance_type': 'split', 'learning_rate': 0.1, 'max_depth': -1, 'min_child_samples': 20, 'min_child_weight': 0.001, 'min_split_gain': 0.0, 'n_estimators': 100, 'n_jobs': -1, 'num_leaves': 31, 'objective': None, 'random_state': 606, 'reg_alpha': 0.0, 'reg_lambda': 0.0, 'subsample': 1.0, 'subsample_for_bin': 200000, 'subsample_freq': 0}
2025-06-11 21:02:38,742:INFO:Creating Dashboard logs
2025-06-11 21:02:38,742:INFO:Model: Random Forest Classifier
2025-06-11 21:02:38,766:INFO:Logged params: {'bootstrap': True, 'ccp_alpha': 0.0, 'class_weight': None, 'criterion': 'gini', 'max_depth': None, 'max_features': 'sqrt', 'max_leaf_nodes': None, 'max_samples': None, 'min_impurity_decrease': 0.0, 'min_samples_leaf': 1, 'min_samples_split': 2, 'min_weight_fraction_leaf': 0.0, 'n_estimators': 100, 'n_jobs': -1, 'oob_score': False, 'random_state': 606, 'verbose': 0, 'warm_start': False}
2025-06-11 21:02:38,963:INFO:Creating Dashboard logs
2025-06-11 21:02:38,963:INFO:Model: Extra Trees Classifier
2025-06-11 21:02:38,993:INFO:Logged params: {'bootstrap': False, 'ccp_alpha': 0.0, 'class_weight': None, 'criterion': 'gini', 'max_depth': None, 'max_features': 'sqrt', 'max_leaf_nodes': None, 'max_samples': None, 'min_impurity_decrease': 0.0, 'min_samples_leaf': 1, 'min_samples_split': 2, 'min_weight_fraction_leaf': 0.0, 'n_estimators': 100, 'n_jobs': -1, 'oob_score': False, 'random_state': 606, 'verbose': 0, 'warm_start': False}
2025-06-11 21:02:39,188:INFO:Creating Dashboard logs
2025-06-11 21:02:39,188:INFO:Model: Ridge Classifier
2025-06-11 21:02:39,213:INFO:Logged params: {'alpha': 1.0, 'class_weight': None, 'copy_X': True, 'fit_intercept': True, 'max_iter': None, 'positive': False, 'random_state': 606, 'solver': 'auto', 'tol': 0.0001}
2025-06-11 21:02:39,400:INFO:Creating Dashboard logs
2025-06-11 21:02:39,401:INFO:Model: Linear Discriminant Analysis
2025-06-11 21:02:39,424:INFO:Logged params: {'covariance_estimator': None, 'n_components': None, 'priors': None, 'shrinkage': None, 'solver': 'svd', 'store_covariance': False, 'tol': 0.0001}
2025-06-11 21:02:39,624:INFO:Creating Dashboard logs
2025-06-11 21:02:39,625:INFO:Model: Naive Bayes
2025-06-11 21:02:39,649:INFO:Logged params: {'priors': None, 'var_smoothing': 1e-09}
2025-06-11 21:02:39,847:INFO:Creating Dashboard logs
2025-06-11 21:02:39,847:INFO:Model: Logistic Regression
2025-06-11 21:02:39,873:INFO:Logged params: {'C': 1.0, 'class_weight': None, 'dual': False, 'fit_intercept': True, 'intercept_scaling': 1, 'l1_ratio': None, 'max_iter': 1000, 'multi_class': 'auto', 'n_jobs': None, 'penalty': 'l2', 'random_state': 606, 'solver': 'lbfgs', 'tol': 0.0001, 'verbose': 0, 'warm_start': False}
2025-06-11 21:02:40,106:INFO:Creating Dashboard logs
2025-06-11 21:02:40,107:INFO:Model: Quadratic Discriminant Analysis
2025-06-11 21:02:40,144:INFO:Logged params: {'priors': None, 'reg_param': 0.0, 'store_covariance': False, 'tol': 0.0001}
2025-06-11 21:02:40,342:INFO:Creating Dashboard logs
2025-06-11 21:02:40,342:INFO:Model: Dummy Classifier
2025-06-11 21:02:40,367:INFO:Logged params: {'constant': None, 'random_state': 606, 'strategy': 'prior'}
2025-06-11 21:02:40,562:INFO:Creating Dashboard logs
2025-06-11 21:02:40,562:INFO:Model: SVM - Linear Kernel
2025-06-11 21:02:40,587:INFO:Logged params: {'alpha': 0.0001, 'average': False, 'class_weight': None, 'early_stopping': False, 'epsilon': 0.1, 'eta0': 0.001, 'fit_intercept': True, 'l1_ratio': 0.15, 'learning_rate': 'optimal', 'loss': 'hinge', 'max_iter': 1000, 'n_iter_no_change': 5, 'n_jobs': -1, 'penalty': 'l2', 'power_t': 0.5, 'random_state': 606, 'shuffle': True, 'tol': 0.001, 'validation_fraction': 0.1, 'verbose': 0, 'warm_start': False}
2025-06-11 21:02:40,792:INFO:Creating Dashboard logs
2025-06-11 21:02:40,792:INFO:Model: K Neighbors Classifier
2025-06-11 21:02:40,817:INFO:Logged params: {'algorithm': 'auto', 'leaf_size': 30, 'metric': 'minkowski', 'metric_params': None, 'n_jobs': -1, 'n_neighbors': 5, 'p': 2, 'weights': 'uniform'}
2025-06-11 21:02:41,009:INFO:_master_model_container: 14
2025-06-11 21:02:41,009:INFO:_display_container: 2
2025-06-11 21:02:41,010:INFO:AdaBoostClassifier(algorithm='SAMME.R', base_estimator='deprecated',
                   estimator=None, learning_rate=1.0, n_estimators=50,
                   random_state=606)
2025-06-11 21:02:41,010:INFO:compare_models() successfully completed......................................
2025-06-11 21:02:41,010:INFO:Initializing evaluate_model()
2025-06-11 21:02:41,010:INFO:evaluate_model(self=<pycaret.classification.oop.ClassificationExperiment object at 0x0000020BEA4156D0>, estimator=AdaBoostClassifier(algorithm='SAMME.R', base_estimator='deprecated',
                   estimator=None, learning_rate=1.0, n_estimators=50,
                   random_state=606), fold=None, fit_kwargs=None, plot_kwargs=None, feature_name=None, groups=None)
2025-06-11 21:02:41,033:INFO:Initializing plot_model()
2025-06-11 21:02:41,033:INFO:plot_model(self=<pycaret.classification.oop.ClassificationExperiment object at 0x0000020BEA4156D0>, estimator=AdaBoostClassifier(algorithm='SAMME.R', base_estimator='deprecated',
                   estimator=None, learning_rate=1.0, n_estimators=50,
                   random_state=606), plot=pipeline, scale=1, save=False, fold=StratifiedKFold(n_splits=10, random_state=None, shuffle=False), fit_kwargs={}, plot_kwargs=None, groups=None, feature_name=None, label=False, verbose=False, system=True, display=None, display_format=None)
2025-06-11 21:02:41,033:INFO:Checking exceptions
2025-06-11 21:02:41,034:INFO:Preloading libraries
2025-06-11 21:02:41,035:INFO:Copying training dataset
2025-06-11 21:02:41,035:INFO:Plot type: pipeline
2025-06-11 21:02:45,753:INFO:Visual Rendered Successfully
2025-06-11 21:02:45,838:INFO:plot_model() successfully completed......................................
2025-06-11 21:02:45,840:INFO:Initializing save_model()
2025-06-11 21:02:45,840:INFO:save_model(model=AdaBoostClassifier(algorithm='SAMME.R', base_estimator='deprecated',
                   estimator=None, learning_rate=1.0, n_estimators=50,
                   random_state=606), model_name=upsell_model, prep_pipe_=Pipeline(memory=FastMemory(location=C:\Users\BRANGO~1\AppData\Local\Temp\joblib),
         steps=[('numerical_imputer',
                 TransformerWrapper(exclude=None,
                                    include=['age', 'current_policy_coverage',
                                             'years_with_company',
                                             'past_claims_count',
                                             'response_last_campaign'],
                                    transformer=SimpleImputer(add_indicator=False,
                                                              copy=True,
                                                              fill_value=None,
                                                              keep_empty_features=False,
                                                              mis...
                                                              keep_empty_features=False,
                                                              missing_values=nan,
                                                              strategy='most_frequent',
                                                              verbose='deprecated'))),
                ('onehot_encoding',
                 TransformerWrapper(exclude=None, include=['income_level'],
                                    transformer=OneHotEncoder(cols=['income_level'],
                                                              drop_invariant=False,
                                                              handle_missing='return_nan',
                                                              handle_unknown='value',
                                                              return_df=True,
                                                              use_cat_names=True,
                                                              verbose=0)))],
         verbose=False), verbose=True, use_case=MLUsecase.CLASSIFICATION, kwargs={})
2025-06-11 21:02:45,840:INFO:Adding model into prep_pipe
2025-06-11 21:02:45,847:INFO:upsell_model.pkl saved in current working directory
2025-06-11 21:02:45,849:INFO:Pipeline(memory=Memory(location=None),
         steps=[('numerical_imputer',
                 TransformerWrapper(exclude=None,
                                    include=['age', 'current_policy_coverage',
                                             'years_with_company',
                                             'past_claims_count',
                                             'response_last_campaign'],
                                    transformer=SimpleImputer(add_indicator=False,
                                                              copy=True,
                                                              fill_value=None,
                                                              keep_empty_features=False,
                                                              missing_values=nan,
                                                              strategy='mean',
                                                              verbose='de...
                 TransformerWrapper(exclude=None, include=['income_level'],
                                    transformer=OneHotEncoder(cols=['income_level'],
                                                              drop_invariant=False,
                                                              handle_missing='return_nan',
                                                              handle_unknown='value',
                                                              return_df=True,
                                                              use_cat_names=True,
                                                              verbose=0))),
                ('trained_model',
                 AdaBoostClassifier(algorithm='SAMME.R',
                                    base_estimator='deprecated', estimator=None,
                                    learning_rate=1.0, n_estimators=50,
                                    random_state=606))],
         verbose=False)
2025-06-11 21:02:45,849:INFO:save_model() successfully completed......................................
2025-06-11 21:06:43,592:WARNING:
'cuml' is a soft dependency and not included in the pycaret installation. Please run: `pip install cuml` to install.
2025-06-11 21:06:43,593:WARNING:
'cuml' is a soft dependency and not included in the pycaret installation. Please run: `pip install cuml` to install.
2025-06-11 21:06:43,593:WARNING:
'cuml' is a soft dependency and not included in the pycaret installation. Please run: `pip install cuml` to install.
2025-06-11 21:06:43,593:WARNING:
'cuml' is a soft dependency and not included in the pycaret installation. Please run: `pip install cuml` to install.
2025-06-11 21:06:44,074:WARNING:C:\Users\Brangovich\AppData\Local\Programs\Python\Python311\Lib\site-packages\mlflow\protos\service_pb2.py:11: UserWarning: google.protobuf.service module is deprecated. RPC implementations should provide code generator plugins which generate code specific to the RPC implementation. service.py will be removed in Jan 2025
  from google.protobuf import service as _service

2025-06-11 21:06:44,248:INFO:Initializing load_model()
2025-06-11 21:06:44,249:INFO:load_model(model_name=upsell_model, platform=None, authentication=None, verbose=True)
2025-06-11 21:07:58,833:INFO:Initializing predict_model()
2025-06-11 21:07:58,833:INFO:predict_model(self=<pycaret.classification.oop.ClassificationExperiment object at 0x000001F6498A3750>, estimator=Pipeline(memory=Memory(location=None),
         steps=[('numerical_imputer',
                 TransformerWrapper(include=['age', 'current_policy_coverage',
                                             'years_with_company',
                                             'past_claims_count',
                                             'response_last_campaign'],
                                    transformer=SimpleImputer())),
                ('categorical_imputer',
                 TransformerWrapper(include=['income_level'],
                                    transformer=SimpleImputer(strategy='most_frequent'))),
                ('onehot_encoding',
                 TransformerWrapper(include=['income_level'],
                                    transformer=OneHotEncoder(cols=['income_level'],
                                                              handle_missing='return_nan',
                                                              use_cat_names=True))),
                ('trained_model', AdaBoostClassifier(random_state=606))]), probability_threshold=None, encoded_labels=False, raw_score=False, round=4, verbose=True, ml_usecase=None, preprocess=True, encode_labels=<function _SupervisedExperiment.predict_model.<locals>.encode_labels at 0x000001F6498E9EE0>)
2025-06-11 21:07:58,833:INFO:Checking exceptions
2025-06-11 21:07:58,834:INFO:Preloading libraries
2025-06-11 21:07:58,834:INFO:Set up data.
2025-06-11 21:07:58,836:INFO:Set up index.
2025-06-11 21:10:47,076:INFO:Initializing predict_model()
2025-06-11 21:10:47,076:INFO:predict_model(self=<pycaret.classification.oop.ClassificationExperiment object at 0x000001F649800610>, estimator=Pipeline(memory=Memory(location=None),
         steps=[('numerical_imputer',
                 TransformerWrapper(include=['age', 'current_policy_coverage',
                                             'years_with_company',
                                             'past_claims_count',
                                             'response_last_campaign'],
                                    transformer=SimpleImputer())),
                ('categorical_imputer',
                 TransformerWrapper(include=['income_level'],
                                    transformer=SimpleImputer(strategy='most_frequent'))),
                ('onehot_encoding',
                 TransformerWrapper(include=['income_level'],
                                    transformer=OneHotEncoder(cols=['income_level'],
                                                              handle_missing='return_nan',
                                                              use_cat_names=True))),
                ('trained_model', AdaBoostClassifier(random_state=606))]), probability_threshold=None, encoded_labels=False, raw_score=False, round=4, verbose=True, ml_usecase=None, preprocess=True, encode_labels=<function _SupervisedExperiment.predict_model.<locals>.encode_labels at 0x000001F64989F420>)
2025-06-11 21:10:47,076:INFO:Checking exceptions
2025-06-11 21:10:47,076:INFO:Preloading libraries
2025-06-11 21:10:47,076:INFO:Set up data.
2025-06-11 21:10:47,077:INFO:Set up index.
2025-06-11 21:13:59,921:WARNING:
'cuml' is a soft dependency and not included in the pycaret installation. Please run: `pip install cuml` to install.
2025-06-11 21:13:59,921:WARNING:
'cuml' is a soft dependency and not included in the pycaret installation. Please run: `pip install cuml` to install.
2025-06-11 21:13:59,921:WARNING:
'cuml' is a soft dependency and not included in the pycaret installation. Please run: `pip install cuml` to install.
2025-06-11 21:13:59,921:WARNING:
'cuml' is a soft dependency and not included in the pycaret installation. Please run: `pip install cuml` to install.
2025-06-11 21:14:00,402:WARNING:C:\Users\Brangovich\AppData\Local\Programs\Python\Python311\Lib\site-packages\mlflow\protos\service_pb2.py:11: UserWarning: google.protobuf.service module is deprecated. RPC implementations should provide code generator plugins which generate code specific to the RPC implementation. service.py will be removed in Jan 2025
  from google.protobuf import service as _service

2025-06-11 21:14:00,578:INFO:Initializing load_model()
2025-06-11 21:14:00,578:INFO:load_model(model_name=upsell_model, platform=None, authentication=None, verbose=True)
2025-06-11 21:14:02,240:WARNING:
'cuml' is a soft dependency and not included in the pycaret installation. Please run: `pip install cuml` to install.
2025-06-11 21:14:02,240:WARNING:
'cuml' is a soft dependency and not included in the pycaret installation. Please run: `pip install cuml` to install.
2025-06-11 21:14:02,240:WARNING:
'cuml' is a soft dependency and not included in the pycaret installation. Please run: `pip install cuml` to install.
2025-06-11 21:14:02,240:WARNING:
'cuml' is a soft dependency and not included in the pycaret installation. Please run: `pip install cuml` to install.
2025-06-11 21:14:02,704:WARNING:C:\Users\Brangovich\AppData\Local\Programs\Python\Python311\Lib\site-packages\mlflow\protos\service_pb2.py:11: UserWarning: google.protobuf.service module is deprecated. RPC implementations should provide code generator plugins which generate code specific to the RPC implementation. service.py will be removed in Jan 2025
  from google.protobuf import service as _service

2025-06-11 21:14:02,863:INFO:Initializing load_model()
2025-06-11 21:14:02,863:INFO:load_model(model_name=upsell_model, platform=None, authentication=None, verbose=True)
